Fri Feb 16 21:17:40 CET 2024: /Volumes/VideoWork1/Musikbibliothek JP FLAC backup/AC DC/Black Ice/01 AC-DC - Rock N Roll Train.flac copied
Fri Feb 16 21:17:41 CET 2024: /Volumes/VideoWork1/Musikbibliothek JP FLAC backup/AC DC/Black Ice/02 AC-DC - Skies on Fire.flac copied
Fri Feb 16 21:17:41 CET 2024: /Volumes/VideoWork1/Musikbibliothek JP FLAC backup/AC DC/Black Ice/03 AC-DC - Big Jack.flac copied
Fri Feb 16 21:17:41 CET 2024: /Volumes/VideoWork1/Musikbibliothek JP FLAC backup/AC DC/Black Ice/04 AC-DC - Anything Goes.flac copied
Fri Feb 16 21:17:42 CET 2024: /Volumes/VideoWork1/Musikbibliothek JP FLAC backup/AC DC/Black Ice/05 AC-DC - War Machine.flac copied
Fri Feb 16 21:17:42 CET 2024: /Volumes/VideoWork1/Musikbibliothek JP FLAC backup/AC DC/Black Ice/06 AC-DC - Smash N Grab.flac copied
Fri Feb 16 21:17:43 CET 2024: /Volumes/VideoWork1/Musikbibliothek JP FLAC backup/AC DC/Black Ice/07 AC-DC - Spoilin' for a Fight.flac copied
Fri Feb 16 21:17:43 CET 2024: /Volumes/VideoWork1/Musikbibliothek JP FLAC backup/AC DC/Black Ice/08 AC-DC - Wheels.flac copied
Fri Feb 16 21:17:43 CET 2024: /Volumes/VideoWork1/Musikbibliothek JP FLAC backup/AC DC/Black Ice/09 AC-DC - Decibel.flac copied
Fri Feb 16 21:17:44 CET 2024: /Volumes/VideoWork1/Musikbibliothek JP FLAC backup/AC DC/Black Ice/10 AC-DC - Stormy May Day.flac copied
Fri Feb 16 21:17:44 CET 2024: /Volumes/VideoWork1/Musikbibliothek JP FLAC backup/AC DC/Black Ice/11 AC-DC - She Likes Rock N Roll.flac copied
Fri Feb 16 21:17:44 CET 2024: /Volumes/VideoWork1/Musikbibliothek JP FLAC backup/AC DC/Black Ice/12 AC-DC - Money Made.flac copied
Fri Feb 16 21:17:45 CET 2024: /Volumes/VideoWork1/Musikbibliothek JP FLAC backup/AC DC/Black Ice/13 AC-DC - Rock N Roll Dream.flac copied
Fri Feb 16 21:17:45 CET 2024: /Volumes/VideoWork1/Musikbibliothek JP FLAC backup/AC DC/Black Ice/14 AC-DC - Rocking All the Way.flac copied
Fri Feb 16 21:17:45 CET 2024: /Volumes/VideoWork1/Musikbibliothek JP FLAC backup/AC DC/Black Ice/15 AC-DC - Black Ice.flac copied
Fri Feb 16 21:17:46 CET 2024: /Volumes/VideoWork1/Musikbibliothek JP FLAC backup/AC DC/Highway to Hell/01 AC-DC - Highway to Hell.flac copied
Fri Feb 16 21:17:46 CET 2024: /Volumes/VideoWork1/Musikbibliothek JP FLAC backup/AC DC/Highway to Hell/02 AC-DC - Girls Got Rhythm.flac copied
Fri Feb 16 21:17:46 CET 2024: /Volumes/VideoWork1/Musikbibliothek JP FLAC backup/AC DC/Highway to Hell/03 AC-DC - Walk All Over You.flac copied
Fri Feb 16 21:17:47 CET 2024: /Volumes/VideoWork1/Musikbibliothek JP FLAC backup/AC DC/Highway to Hell/04 AC-DC - Touch Too Much.flac copied
Fri Feb 16 21:17:47 CET 2024: /Volumes/VideoWork1/Musikbibliothek JP FLAC backup/AC DC/Highway to Hell/05 AC-DC - Beating Around the Bush.flac copied
Fri Feb 16 21:17:48 CET 2024: /Volumes/VideoWork1/Musikbibliothek JP FLAC backup/AC DC/Highway to Hell/06 AC-DC - Shot Down in Flames.flac copied
Fri Feb 16 21:17:48 CET 2024: /Volumes/VideoWork1/Musikbibliothek JP FLAC backup/AC DC/Highway to Hell/07 AC-DC - Get It Hot.flac copied
Fri Feb 16 21:17:48 CET 2024: /Volumes/VideoWork1/Musikbibliothek JP FLAC backup/AC DC/Highway to Hell/08 AC-DC - If You Want Blood (You've Got It).flac copied
Fri Feb 16 21:17:48 CET 2024: /Volumes/VideoWork1/Musikbibliothek JP FLAC backup/AC DC/Highway to Hell/09 AC-DC - Love Hungry Man.flac copied
Fri Feb 16 21:17:49 CET 2024: /Volumes/VideoWork1/Musikbibliothek JP FLAC backup/AC DC/Highway to Hell/10 AC-DC - Night Prowler.flac copied
Fri Feb 16 21:17:50 CET 2024: /Volumes/VideoWork1/Musikbibliothek JP FLAC backup/AC DC/If You Want Blood You've Got It/01 AC-DC - Riff Raff.flac copied
Fri Feb 16 21:17:50 CET 2024: /Volumes/VideoWork1/Musikbibliothek JP FLAC backup/AC DC/If You Want Blood You've Got It/02 AC-DC - Hell Ain't a Bad Place to Be.flac copied
Fri Feb 16 21:17:51 CET 2024: /Volumes/VideoWork1/Musikbibliothek JP FLAC backup/AC DC/If You Want Blood You've Got It/03 AC-DC - Bad Boy Boogie.flac copied
Fri Feb 16 21:17:51 CET 2024: /Volumes/VideoWork1/Musikbibliothek JP FLAC backup/AC DC/If You Want Blood You've Got It/04 AC-DC - The Jack.flac copied
Fri Feb 16 21:17:52 CET 2024: /Volumes/VideoWork1/Musikbibliothek JP FLAC backup/AC DC/If You Want Blood You've Got It/05 AC-DC - Problem Child.flac copied
Fri Feb 16 21:17:52 CET 2024: /Volumes/VideoWork1/Musikbibliothek JP FLAC backup/AC DC/If You Want Blood You've Got It/06 AC-DC - Whole Lotta Rosie.flac copied
Fri Feb 16 21:17:52 CET 2024: /Volumes/VideoWork1/Musikbibliothek JP FLAC backup/AC DC/If You Want Blood You've Got It/07 AC-DC - Rock 'N' Roll Damnation.flac copied
Fri Feb 16 21:17:53 CET 2024: /Volumes/VideoWork1/Musikbibliothek JP FLAC backup/AC DC/If You Want Blood You've Got It/08 AC-DC - High Voltage.flac copied
Fri Feb 16 21:17:54 CET 2024: /Volumes/VideoWork1/Musikbibliothek JP FLAC backup/AC DC/If You Want Blood You've Got It/09 AC-DC - Let There Be Rock.flac copied
Fri Feb 16 21:17:54 CET 2024: /Volumes/VideoWork1/Musikbibliothek JP FLAC backup/AC DC/If You Want Blood You've Got It/10 AC-DC - Rocker.flac copied
Fri Feb 16 21:18:44 CET 2024: /Volumes/VideoWork1/Musikbibliothek JP FLAC backup/A.J. Croce/Fit to Serve/01 - Fit to Serve.flac copied
Fri Feb 16 21:18:44 CET 2024: /Volumes/VideoWork1/Musikbibliothek JP FLAC backup/A.J. Croce/Fit to Serve/02 - I Don't Mind.flac copied
Fri Feb 16 21:18:44 CET 2024: /Volumes/VideoWork1/Musikbibliothek JP FLAC backup/A.J. Croce/Fit to Serve/03 - Lover's Serenade.flac copied
Fri Feb 16 21:18:45 CET 2024: /Volumes/VideoWork1/Musikbibliothek JP FLAC backup/A.J. Croce/Fit to Serve/04 - Trouble in Mind.flac copied
Fri Feb 16 21:18:45 CET 2024: /Volumes/VideoWork1/Musikbibliothek JP FLAC backup/A.J. Croce/Fit to Serve/05 - Texas Ruby.flac copied
Fri Feb 16 21:18:45 CET 2024: /Volumes/VideoWork1/Musikbibliothek JP FLAC backup/A.J. Croce/Fit to Serve/06 - Uncommon Sense.flac copied
Fri Feb 16 21:18:45 CET 2024: /Volumes/VideoWork1/Musikbibliothek JP FLAC backup/A.J. Croce/Fit to Serve/07 - I'll Get Through.flac copied
Fri Feb 16 21:18:46 CET 2024: /Volumes/VideoWork1/Musikbibliothek JP FLAC backup/A.J. Croce/Fit to Serve/08 - Cry to Me.flac copied
Fri Feb 16 21:18:46 CET 2024: /Volumes/VideoWork1/Musikbibliothek JP FLAC backup/A.J. Croce/Fit to Serve/09 - So in Love.flac copied
Fri Feb 16 21:18:46 CET 2024: /Volumes/VideoWork1/Musikbibliothek JP FLAC backup/A.J. Croce/Fit to Serve/10 - Count the Ways.flac copied
Fri Feb 16 21:18:46 CET 2024: /Volumes/VideoWork1/Musikbibliothek JP FLAC backup/A.J. Croce/Fit to Serve/11 - Too Late.flac copied
Fri Feb 16 21:18:47 CET 2024: /Volumes/VideoWork1/Musikbibliothek JP FLAC backup/A.J. Croce/Fit to Serve/12 - Judgement Day.flac copied
Fri Feb 16 21:18:47 CET 2024: /Volumes/VideoWork1/Musikbibliothek JP FLAC backup/A.J. Croce/Fit to Serve/13 - Nobody Else.flac copied
Fri Feb 16 21:18:47 CET 2024: /Volumes/VideoWork1/Musikbibliothek JP FLAC backup/AC DC/Black Ice/01 AC-DC - Rock N Roll Train.flac copied
Fri Feb 16 21:18:48 CET 2024: /Volumes/VideoWork1/Musikbibliothek JP FLAC backup/AC DC/Black Ice/02 AC-DC - Skies on Fire.flac copied
Fri Feb 16 21:18:48 CET 2024: /Volumes/VideoWork1/Musikbibliothek JP FLAC backup/AC DC/Black Ice/03 AC-DC - Big Jack.flac copied
Fri Feb 16 21:18:48 CET 2024: /Volumes/VideoWork1/Musikbibliothek JP FLAC backup/AC DC/Black Ice/04 AC-DC - Anything Goes.flac copied
Fri Feb 16 21:18:49 CET 2024: /Volumes/VideoWork1/Musikbibliothek JP FLAC backup/AC DC/Black Ice/05 AC-DC - War Machine.flac copied
Fri Feb 16 21:18:49 CET 2024: /Volumes/VideoWork1/Musikbibliothek JP FLAC backup/AC DC/Black Ice/06 AC-DC - Smash N Grab.flac copied
Fri Feb 16 21:18:50 CET 2024: /Volumes/VideoWork1/Musikbibliothek JP FLAC backup/AC DC/Black Ice/07 AC-DC - Spoilin' for a Fight.flac copied
Fri Feb 16 21:18:50 CET 2024: /Volumes/VideoWork1/Musikbibliothek JP FLAC backup/AC DC/Black Ice/08 AC-DC - Wheels.flac copied
Fri Feb 16 21:18:50 CET 2024: /Volumes/VideoWork1/Musikbibliothek JP FLAC backup/AC DC/Black Ice/09 AC-DC - Decibel.flac copied
Fri Feb 16 21:18:50 CET 2024: /Volumes/VideoWork1/Musikbibliothek JP FLAC backup/AC DC/Black Ice/10 AC-DC - Stormy May Day.flac copied
Fri Feb 16 21:18:51 CET 2024: /Volumes/VideoWork1/Musikbibliothek JP FLAC backup/AC DC/Black Ice/11 AC-DC - She Likes Rock N Roll.flac copied
Fri Feb 16 21:18:51 CET 2024: /Volumes/VideoWork1/Musikbibliothek JP FLAC backup/AC DC/Black Ice/12 AC-DC - Money Made.flac copied
Fri Feb 16 21:18:52 CET 2024: /Volumes/VideoWork1/Musikbibliothek JP FLAC backup/AC DC/Black Ice/13 AC-DC - Rock N Roll Dream.flac copied
Fri Feb 16 21:18:52 CET 2024: /Volumes/VideoWork1/Musikbibliothek JP FLAC backup/AC DC/Black Ice/14 AC-DC - Rocking All the Way.flac copied
Fri Feb 16 21:18:52 CET 2024: /Volumes/VideoWork1/Musikbibliothek JP FLAC backup/AC DC/Black Ice/15 AC-DC - Black Ice.flac copied
Fri Feb 16 21:18:53 CET 2024: /Volumes/VideoWork1/Musikbibliothek JP FLAC backup/AC DC/Highway to Hell/01 AC-DC - Highway to Hell.flac copied
Fri Feb 16 21:18:53 CET 2024: /Volumes/VideoWork1/Musikbibliothek JP FLAC backup/AC DC/Highway to Hell/02 AC-DC - Girls Got Rhythm.flac copied
Fri Feb 16 21:18:53 CET 2024: /Volumes/VideoWork1/Musikbibliothek JP FLAC backup/AC DC/Highway to Hell/03 AC-DC - Walk All Over You.flac copied
Fri Feb 16 21:18:54 CET 2024: /Volumes/VideoWork1/Musikbibliothek JP FLAC backup/AC DC/Highway to Hell/04 AC-DC - Touch Too Much.flac copied
Fri Feb 16 21:18:54 CET 2024: /Volumes/VideoWork1/Musikbibliothek JP FLAC backup/AC DC/Highway to Hell/05 AC-DC - Beating Around the Bush.flac copied
Fri Feb 16 21:18:54 CET 2024: /Volumes/VideoWork1/Musikbibliothek JP FLAC backup/AC DC/Highway to Hell/06 AC-DC - Shot Down in Flames.flac copied
Fri Feb 16 21:18:54 CET 2024: /Volumes/VideoWork1/Musikbibliothek JP FLAC backup/AC DC/Highway to Hell/07 AC-DC - Get It Hot.flac copied
Fri Feb 16 21:18:55 CET 2024: /Volumes/VideoWork1/Musikbibliothek JP FLAC backup/AC DC/Highway to Hell/08 AC-DC - If You Want Blood (You've Got It).flac copied
Fri Feb 16 21:18:55 CET 2024: /Volumes/VideoWork1/Musikbibliothek JP FLAC backup/AC DC/Highway to Hell/09 AC-DC - Love Hungry Man.flac copied
Fri Feb 16 21:18:56 CET 2024: /Volumes/VideoWork1/Musikbibliothek JP FLAC backup/AC DC/Highway to Hell/10 AC-DC - Night Prowler.flac copied
Fri Feb 16 21:18:56 CET 2024: /Volumes/VideoWork1/Musikbibliothek JP FLAC backup/AC DC/If You Want Blood You've Got It/01 AC-DC - Riff Raff.flac copied
Fri Feb 16 21:18:57 CET 2024: /Volumes/VideoWork1/Musikbibliothek JP FLAC backup/AC DC/If You Want Blood You've Got It/02 AC-DC - Hell Ain't a Bad Place to Be.flac copied
Fri Feb 16 21:18:57 CET 2024: /Volumes/VideoWork1/Musikbibliothek JP FLAC backup/AC DC/If You Want Blood You've Got It/03 AC-DC - Bad Boy Boogie.flac copied
Fri Feb 16 21:18:58 CET 2024: /Volumes/VideoWork1/Musikbibliothek JP FLAC backup/AC DC/If You Want Blood You've Got It/04 AC-DC - The Jack.flac copied
Fri Feb 16 21:18:59 CET 2024: /Volumes/VideoWork1/Musikbibliothek JP FLAC backup/AC DC/If You Want Blood You've Got It/05 AC-DC - Problem Child.flac copied
Fri Feb 16 21:18:59 CET 2024: /Volumes/VideoWork1/Musikbibliothek JP FLAC backup/AC DC/If You Want Blood You've Got It/06 AC-DC - Whole Lotta Rosie.flac copied
Fri Feb 16 21:19:00 CET 2024: /Volumes/VideoWork1/Musikbibliothek JP FLAC backup/AC DC/If You Want Blood You've Got It/07 AC-DC - Rock 'N' Roll Damnation.flac copied
Fri Feb 16 21:19:00 CET 2024: /Volumes/VideoWork1/Musikbibliothek JP FLAC backup/AC DC/If You Want Blood You've Got It/08 AC-DC - High Voltage.flac copied
Fri Feb 16 21:19:01 CET 2024: /Volumes/VideoWork1/Musikbibliothek JP FLAC backup/AC DC/If You Want Blood You've Got It/09 AC-DC - Let There Be Rock.flac copied
Fri Feb 16 21:19:01 CET 2024: /Volumes/VideoWork1/Musikbibliothek JP FLAC backup/AC DC/If You Want Blood You've Got It/10 AC-DC - Rocker.flac copied
Fri Feb 16 21:19:02 CET 2024: /Volumes/VideoWork1/Musikbibliothek JP FLAC backup/Adele/30/01 Strangers By Nature.flac copied
Fri Feb 16 21:19:02 CET 2024: /Volumes/VideoWork1/Musikbibliothek JP FLAC backup/Adele/30/02 Easy On Me.flac copied
Fri Feb 16 21:19:03 CET 2024: /Volumes/VideoWork1/Musikbibliothek JP FLAC backup/Adele/30/03 My Little Love.flac copied
Fri Feb 16 21:19:04 CET 2024: /Volumes/VideoWork1/Musikbibliothek JP FLAC backup/Adele/30/04 Cry Your Heart Out.flac copied
Fri Feb 16 21:19:05 CET 2024: /Volumes/VideoWork1/Musikbibliothek JP FLAC backup/Adele/30/05 Oh My God.flac copied
Fri Feb 16 21:19:05 CET 2024: /Volumes/VideoWork1/Musikbibliothek JP FLAC backup/Adele/30/06 Can I Get It.flac copied
Fri Feb 16 21:19:06 CET 2024: /Volumes/VideoWork1/Musikbibliothek JP FLAC backup/Adele/30/07 I Drink Wine.flac copied
Fri Feb 16 21:19:06 CET 2024: /Volumes/VideoWork1/Musikbibliothek JP FLAC backup/Adele/30/08 All Night Parking (with Erroll Garner) Interlude.flac copied
Fri Feb 16 21:19:07 CET 2024: /Volumes/VideoWork1/Musikbibliothek JP FLAC backup/Adele/30/09 Woman Like Me.flac copied
Fri Feb 16 21:19:08 CET 2024: /Volumes/VideoWork1/Musikbibliothek JP FLAC backup/Adele/30/10 Hold On.flac copied
Fri Feb 16 21:19:09 CET 2024: /Volumes/VideoWork1/Musikbibliothek JP FLAC backup/Adele/30/11 To Be Loved.flac copied
Fri Feb 16 21:19:10 CET 2024: /Volumes/VideoWork1/Musikbibliothek JP FLAC backup/Adele/30/12 Love Is A Game.flac copied
Fri Feb 16 21:19:10 CET 2024: /Volumes/VideoWork1/Musikbibliothek JP FLAC backup/Advents- und Weihnachtslieder/Advent Und Weihnacht/01 - In Gottes Namen.flac copied
Fri Feb 16 21:19:10 CET 2024: /Volumes/VideoWork1/Musikbibliothek JP FLAC backup/Advents- und Weihnachtslieder/Advent Und Weihnacht/02 - Besinnliche Weis.flac copied
Fri Feb 16 21:19:10 CET 2024: /Volumes/VideoWork1/Musikbibliothek JP FLAC backup/Advents- und Weihnachtslieder/Advent Und Weihnacht/03 - Der Engel Des Herrn.flac copied
Fri Feb 16 21:19:10 CET 2024: /Volumes/VideoWork1/Musikbibliothek JP FLAC backup/Advents- und Weihnachtslieder/Advent Und Weihnacht/04 - An Tobi Seiner.flac copied
Fri Feb 16 21:19:10 CET 2024: /Volumes/VideoWork1/Musikbibliothek JP FLAC backup/Advents- und Weihnachtslieder/Advent Und Weihnacht/05 - Aria Aus Obersteirischem Flötenbuch.flac copied
Fri Feb 16 21:19:11 CET 2024: /Volumes/VideoWork1/Musikbibliothek JP FLAC backup/Advents- und Weihnachtslieder/Advent Und Weihnacht/06 - Rauhnacht.flac copied
Fri Feb 16 21:19:11 CET 2024: /Volumes/VideoWork1/Musikbibliothek JP FLAC backup/Advents- und Weihnachtslieder/Advent Und Weihnacht/07 - Hinterlandler.flac copied
Fri Feb 16 21:19:11 CET 2024: /Volumes/VideoWork1/Musikbibliothek JP FLAC backup/Advents- und Weihnachtslieder/Advent Und Weihnacht/08 - Boarischer In C.flac copied
Fri Feb 16 21:19:11 CET 2024: /Volumes/VideoWork1/Musikbibliothek JP FLAC backup/Advents- und Weihnachtslieder/Advent Und Weihnacht/09 - Andante Aus Steirischem Flötenbuch.flac copied
Fri Feb 16 21:19:11 CET 2024: /Volumes/VideoWork1/Musikbibliothek JP FLAC backup/Advents- und Weihnachtslieder/Advent Und Weihnacht/10 - Am Weihnachtsvorabend.flac copied
Fri Feb 16 21:19:11 CET 2024: /Volumes/VideoWork1/Musikbibliothek JP FLAC backup/Advents- und Weihnachtslieder/Advent Und Weihnacht/11 - Handschrift.flac copied
Fri Feb 16 21:19:12 CET 2024: /Volumes/VideoWork1/Musikbibliothek JP FLAC backup/Advents- und Weihnachtslieder/Advent Und Weihnacht/12 - Hirtenwalzer.flac copied
Fri Feb 16 21:19:12 CET 2024: /Volumes/VideoWork1/Musikbibliothek JP FLAC backup/Advents- und Weihnachtslieder/Advent Und Weihnacht/13 - Jodler Und Landler.flac copied
Fri Feb 16 21:19:12 CET 2024: /Volumes/VideoWork1/Musikbibliothek JP FLAC backup/Advents- und Weihnachtslieder/Advent Und Weihnacht/14 - Am Berge Hoch Drobn.flac copied
Fri Feb 16 21:19:12 CET 2024: /Volumes/VideoWork1/Musikbibliothek JP FLAC backup/Advents- und Weihnachtslieder/Advent Und Weihnacht/15 - s´Christkindl.flac copied
Fri Feb 16 21:19:12 CET 2024: /Volumes/VideoWork1/Musikbibliothek JP FLAC backup/Advents- und Weihnachtslieder/Advent Und Weihnacht/16 - Egerndacher Menuett.flac copied
Fri Feb 16 21:19:12 CET 2024: /Volumes/VideoWork1/Musikbibliothek JP FLAC backup/Advents- und Weihnachtslieder/Advent Und Weihnacht/17 - Mittendorfer Redoutte.flac copied
Fri Feb 16 21:19:12 CET 2024: /Volumes/VideoWork1/Musikbibliothek JP FLAC backup/Advents- und Weihnachtslieder/Advent Und Weihnacht/18 - Deine Wangalen.flac copied
Fri Feb 16 21:19:13 CET 2024: /Volumes/VideoWork1/Musikbibliothek JP FLAC backup/Advents- und Weihnachtslieder/Advent Und Weihnacht/19 - Landler In A.flac copied
Fri Feb 16 21:19:13 CET 2024: /Volumes/VideoWork1/Musikbibliothek JP FLAC backup/Advents- und Weihnachtslieder/Advent Und Weihnacht/20 - Wiegenlied Von Berta Höller.flac copied
Fri Feb 16 21:19:13 CET 2024: /Volumes/VideoWork1/Musikbibliothek JP FLAC backup/Advents- und Weihnachtslieder/Advent Und Weihnacht/21 - Weihnachtslandler.flac copied
Fri Feb 16 21:19:13 CET 2024: /Volumes/VideoWork1/Musikbibliothek JP FLAC backup/Advents- und Weihnachtslieder/Advent Und Weihnacht/22 - Still, Still, Still.flac copied
Fri Feb 16 21:19:13 CET 2024: /Volumes/VideoWork1/Musikbibliothek JP FLAC backup/Advents- und Weihnachtslieder/Advent Und Weihnacht/23 - Langsamer Landler In C.flac copied
Fri Feb 16 21:19:13 CET 2024: /Volumes/VideoWork1/Musikbibliothek JP FLAC backup/Advents- und Weihnachtslieder/Advent Und Weihnacht/24 - Salzburger Boarischer.flac copied
Fri Feb 16 21:19:13 CET 2024: /Volumes/VideoWork1/Musikbibliothek JP FLAC backup/Advents- und Weihnachtslieder/Advent Und Weihnachten In Den Bergen/07 Verschiedene Interpreten - In Einer Kalten Winternacht.flac copied
Fri Feb 16 21:19:14 CET 2024: /Volumes/VideoWork1/Musikbibliothek JP FLAC backup/Advents- und Weihnachtslieder/Advent Und Weihnachten In Den Bergen/01 Verschiedene Interpreten - Reichenhaller Bläserruf Zur Weihnachtszeit.flac copied
Fri Feb 16 21:19:14 CET 2024: /Volumes/VideoWork1/Musikbibliothek JP FLAC backup/Advents- und Weihnachtslieder/Advent Und Weihnachten In Den Bergen/02 Verschiedene Interpreten - Jetzt Fangen Wir Zu Singen An.flac copied
Fri Feb 16 21:19:14 CET 2024: /Volumes/VideoWork1/Musikbibliothek JP FLAC backup/Advents- und Weihnachtslieder/Advent Und Weihnachten In Den Bergen/03 Verschiedene Interpreten - Schon Vor Ewigkeit Erwählet.flac copied
Fri Feb 16 21:19:14 CET 2024: /Volumes/VideoWork1/Musikbibliothek JP FLAC backup/Advents- und Weihnachtslieder/Advent Und Weihnachten In Den Bergen/04 Verschiedene Interpreten - Die Geburt Unsers Herrn Jesus Christi.flac copied
Fri Feb 16 21:19:14 CET 2024: /Volumes/VideoWork1/Musikbibliothek JP FLAC backup/Advents- und Weihnachtslieder/Advent Und Weihnachten In Den Bergen/05 Verschiedene Interpreten - Werst Mei Liacht Ume Sein.flac copied
Fri Feb 16 21:19:14 CET 2024: /Volumes/VideoWork1/Musikbibliothek JP FLAC backup/Advents- und Weihnachtslieder/Advent Und Weihnachten In Den Bergen/06 Verschiedene Interpreten - Pastorelle.flac copied
Fri Feb 16 21:19:14 CET 2024: /Volumes/VideoWork1/Musikbibliothek JP FLAC backup/Advents- und Weihnachtslieder/Advent Und Weihnachten In Den Bergen/08 Verschiedene Interpreten - Wer Klopft An.flac copied
Fri Feb 16 21:19:14 CET 2024: /Volumes/VideoWork1/Musikbibliothek JP FLAC backup/Advents- und Weihnachtslieder/Advent Und Weihnachten In Den Bergen/09 Verschiedene Interpreten - Felsenharte Bethlehemiten.flac copied
Fri Feb 16 21:19:15 CET 2024: /Volumes/VideoWork1/Musikbibliothek JP FLAC backup/Advents- und Weihnachtslieder/Advent Und Weihnachten In Den Bergen/10 Verschiedene Interpreten - Losts Buma.flac copied
Fri Feb 16 21:19:15 CET 2024: /Volumes/VideoWork1/Musikbibliothek JP FLAC backup/Advents- und Weihnachtslieder/Advent Und Weihnachten In Den Bergen/11 Verschiedene Interpreten - Hirtenruf.flac copied
Fri Feb 16 21:19:15 CET 2024: /Volumes/VideoWork1/Musikbibliothek JP FLAC backup/Advents- und Weihnachtslieder/Advent Und Weihnachten In Den Bergen/12 Verschiedene Interpreten - Es Wird Scho Glei Dumpa.flac copied
Fri Feb 16 21:19:15 CET 2024: /Volumes/VideoWork1/Musikbibliothek JP FLAC backup/Advents- und Weihnachtslieder/Advent Und Weihnachten In Den Bergen/13 Verschiedene Interpreten - Als Die Hirten Zur Krippe Kamen Und Das Kindlein Anbeteten.flac copied
Fri Feb 16 21:19:15 CET 2024: /Volumes/VideoWork1/Musikbibliothek JP FLAC backup/Advents- und Weihnachtslieder/Advent Und Weihnachten In Den Bergen/14 Verschiedene Interpreten - Gloria, Gloria, Gott In Der Höh.flac copied
Fri Feb 16 21:19:15 CET 2024: /Volumes/VideoWork1/Musikbibliothek JP FLAC backup/Advents- und Weihnachtslieder/Advent Und Weihnachten In Den Bergen/15 Verschiedene Interpreten - Jubellied An Der Krippe.flac copied
Fri Feb 16 21:19:15 CET 2024: /Volumes/VideoWork1/Musikbibliothek JP FLAC backup/Advents- und Weihnachtslieder/Advent Und Weihnachten In Den Bergen/16 Verschiedene Interpreten - Josef, Lieber Nefe Mein.flac copied
Fri Feb 16 21:19:15 CET 2024: /Volumes/VideoWork1/Musikbibliothek JP FLAC backup/Advents- und Weihnachtslieder/Advent Und Weihnachten In Den Bergen/17 Verschiedene Interpreten - Mi Hat A Liabs Engale Daschreckt.flac copied
Fri Feb 16 21:19:16 CET 2024: /Volumes/VideoWork1/Musikbibliothek JP FLAC backup/Advents- und Weihnachtslieder/Advent Und Weihnachten In Den Bergen/18 Verschiedene Interpreten - Heerscharen - --.flac copied
Fri Feb 16 21:19:16 CET 2024: /Volumes/VideoWork1/Musikbibliothek JP FLAC backup/Advents- und Weihnachtslieder/Advent Und Weihnachten In Den Bergen/19 Verschiedene Interpreten - Still, Still, Still.flac copied
Fri Feb 16 21:19:16 CET 2024: /Volumes/VideoWork1/Musikbibliothek JP FLAC backup/Advents- und Weihnachtslieder/Advent Und Weihnachten In Den Bergen/20 Verschiedene Interpreten - Der Güldene Rosenkranz.flac copied
Fri Feb 16 21:19:16 CET 2024: /Volumes/VideoWork1/Musikbibliothek JP FLAC backup/Advents- und Weihnachtslieder/Advent Und Weihnachten In Den Bergen/21 Verschiedene Interpreten - Hirtenweise.flac copied
Fri Feb 16 21:19:16 CET 2024: /Volumes/VideoWork1/Musikbibliothek JP FLAC backup/Advents- und Weihnachtslieder/Advent Und Weihnachten In Den Bergen/22 Verschiedene Interpreten - Da Sie Es Aber Gesehen Hatten, Breiteten Sie Das Wort Aus ....flac copied
Fri Feb 16 21:19:16 CET 2024: /Volumes/VideoWork1/Musikbibliothek JP FLAC backup/Advents- und Weihnachtslieder/Advent Und Weihnachten In Den Bergen/23 Verschiedene Interpreten - Weihnachtsweise.flac copied
Fri Feb 16 21:19:16 CET 2024: /Volumes/VideoWork1/Musikbibliothek JP FLAC backup/Advents- und Weihnachtslieder/Advent Und Weihnachten In Den Bergen/24 Verschiedene Interpreten - Aibilinger Weihnachtsjodler.flac copied
Fri Feb 16 21:19:16 CET 2024: /Volumes/VideoWork1/Musikbibliothek JP FLAC backup/Advents- und Weihnachtslieder/Christmas Evergreens/01 Verschiedene Interpreten - Let It Snow!.flac copied
Fri Feb 16 21:19:16 CET 2024: /Volumes/VideoWork1/Musikbibliothek JP FLAC backup/Advents- und Weihnachtslieder/Christmas Evergreens/01 Verschiedene Interpreten - Rudolph, The Red-Nosed Reindeer.flac copied
Fri Feb 16 21:19:16 CET 2024: /Volumes/VideoWork1/Musikbibliothek JP FLAC backup/Advents- und Weihnachtslieder/Christmas Evergreens/02 Verschiedene Interpreten - Santa Claus Is Coming To Town.flac copied
Fri Feb 16 21:19:17 CET 2024: /Volumes/VideoWork1/Musikbibliothek JP FLAC backup/Advents- und Weihnachtslieder/Christmas Evergreens/02 Verschiedene Interpreten - White Christmas.flac copied
Fri Feb 16 21:19:17 CET 2024: /Volumes/VideoWork1/Musikbibliothek JP FLAC backup/Advents- und Weihnachtslieder/Christmas Evergreens/03 Verschiedene Interpreten - Baby, It's Cold Outside.flac copied
Fri Feb 16 21:19:17 CET 2024: /Volumes/VideoWork1/Musikbibliothek JP FLAC backup/Advents- und Weihnachtslieder/Christmas Evergreens/03 Verschiedene Interpreten - Jesus Is With Me.flac copied
Fri Feb 16 21:19:17 CET 2024: /Volumes/VideoWork1/Musikbibliothek JP FLAC backup/Advents- und Weihnachtslieder/Christmas Evergreens/04 Verschiedene Interpreten - Sweet Little Jesus Boy.flac copied
Fri Feb 16 21:19:18 CET 2024: /Volumes/VideoWork1/Musikbibliothek JP FLAC backup/Advents- und Weihnachtslieder/Christmas Evergreens/05 Verschiedene Interpreten - Christmas In New Orleans.flac copied
Fri Feb 16 21:19:18 CET 2024: /Volumes/VideoWork1/Musikbibliothek JP FLAC backup/Advents- und Weihnachtslieder/Christmas Evergreens/05 Verschiedene Interpreten - The Christmas Song.flac copied
Fri Feb 16 21:19:18 CET 2024: /Volumes/VideoWork1/Musikbibliothek JP FLAC backup/Advents- und Weihnachtslieder/Christmas Evergreens/06 Verschiedene Interpreten - A Winter Romance.flac copied
Fri Feb 16 21:19:18 CET 2024: /Volumes/VideoWork1/Musikbibliothek JP FLAC backup/Advents- und Weihnachtslieder/Christmas Evergreens/06 Verschiedene Interpreten - I'll Be Home For Christmas.flac copied
Fri Feb 16 21:19:18 CET 2024: /Volumes/VideoWork1/Musikbibliothek JP FLAC backup/Advents- und Weihnachtslieder/Christmas Evergreens/07 Verschiedene Interpreten - Faith Of Our Fathers.flac copied
Fri Feb 16 21:19:19 CET 2024: /Volumes/VideoWork1/Musikbibliothek JP FLAC backup/Advents- und Weihnachtslieder/Christmas Evergreens/08 Verschiedene Interpreten - Out In The Cold Again.flac copied
Fri Feb 16 21:19:19 CET 2024: /Volumes/VideoWork1/Musikbibliothek JP FLAC backup/Advents- und Weihnachtslieder/Christmas Evergreens/08 Verschiedene Interpreten - Zat You Santa Claus.flac copied
Fri Feb 16 21:19:19 CET 2024: /Volumes/VideoWork1/Musikbibliothek JP FLAC backup/Advents- und Weihnachtslieder/Christmas Evergreens/09 Verschiedene Interpreten - Joy To The World.flac copied
Fri Feb 16 21:19:19 CET 2024: /Volumes/VideoWork1/Musikbibliothek JP FLAC backup/Advents- und Weihnachtslieder/Christmas Evergreens/09 Verschiedene Interpreten - The Christmas Blues.flac copied
Fri Feb 16 21:19:19 CET 2024: /Volumes/VideoWork1/Musikbibliothek JP FLAC backup/Advents- und Weihnachtslieder/Christmas Evergreens/10 Verschiedene Interpreten - Blue Christmas.flac copied
Fri Feb 16 21:19:19 CET 2024: /Volumes/VideoWork1/Musikbibliothek JP FLAC backup/Advents- und Weihnachtslieder/Christmas Evergreens/10 Verschiedene Interpreten - It Came Upon A Midnight Clear.flac copied
Fri Feb 16 21:19:20 CET 2024: /Volumes/VideoWork1/Musikbibliothek JP FLAC backup/Advents- und Weihnachtslieder/Christmas Evergreens/04 Verschiedene Interpreten - Adeste Fideles.flac copied
Fri Feb 16 21:19:20 CET 2024: /Volumes/VideoWork1/Musikbibliothek JP FLAC backup/Advents- und Weihnachtslieder/Christmas Evergreens/07 Verschiedene Interpreten - Oh Little Town Of Bethlehem.flac copied
Fri Feb 16 21:19:20 CET 2024: /Volumes/VideoWork1/Musikbibliothek JP FLAC backup/Advents- und Weihnachtslieder/Christmas Evergreens/11 Verschiedene Interpreten - A Child Of The King.flac copied
Fri Feb 16 21:19:20 CET 2024: /Volumes/VideoWork1/Musikbibliothek JP FLAC backup/Advents- und Weihnachtslieder/Christmas Evergreens/11 Verschiedene Interpreten - Hark! The Herald Angels Sing.flac copied
Fri Feb 16 21:19:20 CET 2024: /Volumes/VideoWork1/Musikbibliothek JP FLAC backup/Advents- und Weihnachtslieder/Christmas Evergreens/12 Verschiedene Interpreten - Christmas Present.flac copied
Fri Feb 16 21:19:20 CET 2024: /Volumes/VideoWork1/Musikbibliothek JP FLAC backup/Advents- und Weihnachtslieder/Christmas Evergreens/12 Verschiedene Interpreten - Mistletoe And Holly.flac copied
Fri Feb 16 21:19:21 CET 2024: /Volumes/VideoWork1/Musikbibliothek JP FLAC backup/Advents- und Weihnachtslieder/Christmas Evergreens/13 Verschiedene Interpreten - Jingle Bells.flac copied
Fri Feb 16 21:19:21 CET 2024: /Volumes/VideoWork1/Musikbibliothek JP FLAC backup/Advents- und Weihnachtslieder/Christmas Evergreens/13 Verschiedene Interpreten - Silver Bells.flac copied
Fri Feb 16 21:19:21 CET 2024: /Volumes/VideoWork1/Musikbibliothek JP FLAC backup/Advents- und Weihnachtslieder/Christmas Evergreens/14 Verschiedene Interpreten - Have Yourself A Merry Little Christmas.flac copied
Fri Feb 16 21:19:21 CET 2024: /Volumes/VideoWork1/Musikbibliothek JP FLAC backup/Advents- und Weihnachtslieder/Christmas Evergreens/14 Verschiedene Interpreten - Winter Wonderland.flac copied
Fri Feb 16 21:19:21 CET 2024: /Volumes/VideoWork1/Musikbibliothek JP FLAC backup/Advents- und Weihnachtslieder/Christmas Evergreens/15 Verschiedene Interpreten - Silent Night, Holy Night.flac copied
Fri Feb 16 21:19:21 CET 2024: /Volumes/VideoWork1/Musikbibliothek JP FLAC backup/Advents- und Weihnachtslieder/Christmas Evergreens/15 Verschiedene Interpreten - The First Noel.flac copied
Fri Feb 16 21:19:23 CET 2024: /Volumes/VideoWork1/Musikbibliothek JP FLAC backup/Advents- und Weihnachtslieder/Christmas Meets Cuba 2/01 Last Christmas.flac copied
Fri Feb 16 21:19:24 CET 2024: /Volumes/VideoWork1/Musikbibliothek JP FLAC backup/Advents- und Weihnachtslieder/Christmas Meets Cuba 2/02 All I Want For Christmas.flac copied
Fri Feb 16 21:19:25 CET 2024: /Volumes/VideoWork1/Musikbibliothek JP FLAC backup/Advents- und Weihnachtslieder/Christmas Meets Cuba 2/03 White Christmas.flac copied
Fri Feb 16 21:19:26 CET 2024: /Volumes/VideoWork1/Musikbibliothek JP FLAC backup/Advents- und Weihnachtslieder/Christmas Meets Cuba 2/04 Rudolfs Mambo.flac copied
Fri Feb 16 21:19:27 CET 2024: /Volumes/VideoWork1/Musikbibliothek JP FLAC backup/Advents- und Weihnachtslieder/Christmas Meets Cuba 2/05 Sleigh Ride.flac copied
Fri Feb 16 21:19:28 CET 2024: /Volumes/VideoWork1/Musikbibliothek JP FLAC backup/Advents- und Weihnachtslieder/Christmas Meets Cuba 2/06 Hallelujah.flac copied
Fri Feb 16 21:19:29 CET 2024: /Volumes/VideoWork1/Musikbibliothek JP FLAC backup/Advents- und Weihnachtslieder/Christmas Meets Cuba 2/07 Let It Snow , Manicero.flac copied
Fri Feb 16 21:19:30 CET 2024: /Volumes/VideoWork1/Musikbibliothek JP FLAC backup/Advents- und Weihnachtslieder/Christmas Meets Cuba 2/08 Have Yourself a Merry Little Christmas.flac copied
Fri Feb 16 21:19:31 CET 2024: /Volumes/VideoWork1/Musikbibliothek JP FLAC backup/Advents- und Weihnachtslieder/Christmas Meets Cuba 2/09 Driving Home for Christmas.flac copied
Fri Feb 16 21:19:32 CET 2024: /Volumes/VideoWork1/Musikbibliothek JP FLAC backup/Advents- und Weihnachtslieder/Christmas Meets Cuba 2/10 Theme from Schindler's List.flac copied
Fri Feb 16 21:19:33 CET 2024: /Volumes/VideoWork1/Musikbibliothek JP FLAC backup/Advents- und Weihnachtslieder/Christmas Meets Cuba 2/11 Feliz Navidad.flac copied
Fri Feb 16 21:19:35 CET 2024: /Volumes/VideoWork1/Musikbibliothek JP FLAC backup/Advents- und Weihnachtslieder/Christmas Meets Cuba 2/12 Ihr Kinderlein kommet.flac copied
Fri Feb 16 21:19:35 CET 2024: /Volumes/VideoWork1/Musikbibliothek JP FLAC backup/Advents- und Weihnachtslieder/Christmas Meets Cuba 2/13 We Wish You a Merry Christmas.flac copied
Fri Feb 16 21:19:37 CET 2024: /Volumes/VideoWork1/Musikbibliothek JP FLAC backup/Advents- und Weihnachtslieder/Christmas Meets Cuba 2/14 Stille Nacht.flac copied
Fri Feb 16 21:19:37 CET 2024: /Volumes/VideoWork1/Musikbibliothek JP FLAC backup/Advents- und Weihnachtslieder/Christmas Songs/01 - Jingle Bells.flac copied
Fri Feb 16 21:19:37 CET 2024: /Volumes/VideoWork1/Musikbibliothek JP FLAC backup/Advents- und Weihnachtslieder/Christmas Songs/02 - Joy to the World.flac copied
Fri Feb 16 21:19:37 CET 2024: /Volumes/VideoWork1/Musikbibliothek JP FLAC backup/Advents- und Weihnachtslieder/Christmas Songs/03 - O Christmas Tree.flac copied
Fri Feb 16 21:19:37 CET 2024: /Volumes/VideoWork1/Musikbibliothek JP FLAC backup/Advents- und Weihnachtslieder/Christmas Songs/04 - Deck the Halls.flac copied
Fri Feb 16 21:19:38 CET 2024: /Volumes/VideoWork1/Musikbibliothek JP FLAC backup/Advents- und Weihnachtslieder/Christmas Songs/05 - God Rest Ye Merry Gentlemen.flac copied
Fri Feb 16 21:19:38 CET 2024: /Volumes/VideoWork1/Musikbibliothek JP FLAC backup/Advents- und Weihnachtslieder/Christmas Songs/06 - Hark the Herald Angels.flac copied
Fri Feb 16 21:19:38 CET 2024: /Volumes/VideoWork1/Musikbibliothek JP FLAC backup/Advents- und Weihnachtslieder/Christmas Songs/07 - We Wish You a Merry Christmas.flac copied
Fri Feb 16 21:19:38 CET 2024: /Volumes/VideoWork1/Musikbibliothek JP FLAC backup/Advents- und Weihnachtslieder/Christmas Songs/08 - Little Town of Bethlehem.flac copied
Fri Feb 16 21:19:38 CET 2024: /Volumes/VideoWork1/Musikbibliothek JP FLAC backup/Advents- und Weihnachtslieder/Christmas Songs/09 - Good King Wenceslas.flac copied
Fri Feb 16 21:19:39 CET 2024: /Volumes/VideoWork1/Musikbibliothek JP FLAC backup/Advents- und Weihnachtslieder/Christmas Songs/10 - Come All Ye Faithful.flac copied
Fri Feb 16 21:19:39 CET 2024: /Volumes/VideoWork1/Musikbibliothek JP FLAC backup/Advents- und Weihnachtslieder/Christmas Songs/11 - The First Noel.flac copied
Fri Feb 16 21:19:39 CET 2024: /Volumes/VideoWork1/Musikbibliothek JP FLAC backup/Advents- und Weihnachtslieder/Christmas Songs/12 - Silent Night.flac copied
Fri Feb 16 21:19:40 CET 2024: /Volumes/VideoWork1/Musikbibliothek JP FLAC backup/Advents- und Weihnachtslieder/Christmas-Songs, Disc 1/01 Verschiedene - Last Christmas.flac copied
Fri Feb 16 21:19:40 CET 2024: /Volumes/VideoWork1/Musikbibliothek JP FLAC backup/Advents- und Weihnachtslieder/Christmas-Songs, Disc 1/02 Verschiedene - All I Want For Christmas Is New Year's Day.flac copied
Fri Feb 16 21:19:40 CET 2024: /Volumes/VideoWork1/Musikbibliothek JP FLAC backup/Advents- und Weihnachtslieder/Christmas-Songs, Disc 1/03 Verschiedene - Driving Home For Christmas.flac copied
Fri Feb 16 21:19:41 CET 2024: /Volumes/VideoWork1/Musikbibliothek JP FLAC backup/Advents- und Weihnachtslieder/Christmas-Songs, Disc 1/04 Verschiedene - Home For Christmas.flac copied
Fri Feb 16 21:19:41 CET 2024: /Volumes/VideoWork1/Musikbibliothek JP FLAC backup/Advents- und Weihnachtslieder/Christmas-Songs, Disc 1/05 Verschiedene - Shake Up Christmas.flac copied
Fri Feb 16 21:19:41 CET 2024: /Volumes/VideoWork1/Musikbibliothek JP FLAC backup/Advents- und Weihnachtslieder/Christmas-Songs, Disc 1/06 Verschiedene - I Met An Agel (On Christmas Day).flac copied
Fri Feb 16 21:19:42 CET 2024: /Volumes/VideoWork1/Musikbibliothek JP FLAC backup/Advents- und Weihnachtslieder/Christmas-Songs, Disc 1/07 Verschiedene - Sleigh Ride.flac copied
Fri Feb 16 21:19:42 CET 2024: /Volumes/VideoWork1/Musikbibliothek JP FLAC backup/Advents- und Weihnachtslieder/Christmas-Songs, Disc 1/08 Verschiedene - Oh Holy Night.flac copied
Fri Feb 16 21:19:42 CET 2024: /Volumes/VideoWork1/Musikbibliothek JP FLAC backup/Advents- und Weihnachtslieder/Christmas-Songs, Disc 1/09 Verschiedene - Christmas Time.flac copied
Fri Feb 16 21:19:42 CET 2024: /Volumes/VideoWork1/Musikbibliothek JP FLAC backup/Advents- und Weihnachtslieder/Christmas-Songs, Disc 1/10 Verschiedene - December Child.flac copied
Fri Feb 16 21:19:43 CET 2024: /Volumes/VideoWork1/Musikbibliothek JP FLAC backup/Advents- und Weihnachtslieder/Christmas-Songs, Disc 1/11 Verschiedene - All I Want For Christmas Is You.flac copied
Fri Feb 16 21:19:43 CET 2024: /Volumes/VideoWork1/Musikbibliothek JP FLAC backup/Advents- und Weihnachtslieder/Christmas-Songs, Disc 1/12 Verschiedene - World Christmas.flac copied
Fri Feb 16 21:19:44 CET 2024: /Volumes/VideoWork1/Musikbibliothek JP FLAC backup/Advents- und Weihnachtslieder/Christmas-Songs, Disc 1/13 Verschiedene - My Only Wish (This Year).flac copied
Fri Feb 16 21:19:44 CET 2024: /Volumes/VideoWork1/Musikbibliothek JP FLAC backup/Advents- und Weihnachtslieder/Christmas-Songs, Disc 1/14 Verschiedene - I Don't Wanna Spend One More Christmas Without You.flac copied
Fri Feb 16 21:19:44 CET 2024: /Volumes/VideoWork1/Musikbibliothek JP FLAC backup/Advents- und Weihnachtslieder/Christmas-Songs, Disc 1/15 Verschiedene - Have Yourself A Merry Little Christmas.flac copied
Fri Feb 16 21:19:44 CET 2024: /Volumes/VideoWork1/Musikbibliothek JP FLAC backup/Advents- und Weihnachtslieder/Christmas-Songs, Disc 1/16 Verschiedene - Winter Song.flac copied
Fri Feb 16 21:19:45 CET 2024: /Volumes/VideoWork1/Musikbibliothek JP FLAC backup/Advents- und Weihnachtslieder/Christmas-Songs, Disc 1/17 Verschiedene - O Come All Ye Faithful.flac copied
Fri Feb 16 21:19:45 CET 2024: /Volumes/VideoWork1/Musikbibliothek JP FLAC backup/Advents- und Weihnachtslieder/Christmas-Songs, Disc 1/18 Verschiedene - The Power Of Love.flac copied
Fri Feb 16 21:19:45 CET 2024: /Volumes/VideoWork1/Musikbibliothek JP FLAC backup/Advents- und Weihnachtslieder/Christmas-Songs, Disc 1/19 Verschiedene - Hallelujah.flac copied
Fri Feb 16 21:19:46 CET 2024: /Volumes/VideoWork1/Musikbibliothek JP FLAC backup/Advents- und Weihnachtslieder/Christmas-Songs, Disc 1/20 Verschiedene - Heal The World.flac copied
Fri Feb 16 21:19:46 CET 2024: /Volumes/VideoWork1/Musikbibliothek JP FLAC backup/Advents- und Weihnachtslieder/Christmas-Songs, Disc 2/08 Verschiedene - Because It's Christmas (For All The Children).flac copied
Fri Feb 16 21:19:46 CET 2024: /Volumes/VideoWork1/Musikbibliothek JP FLAC backup/Advents- und Weihnachtslieder/Christmas-Songs, Disc 2/01 Verschiedene - Feliz Navidad.flac copied
Fri Feb 16 21:19:47 CET 2024: /Volumes/VideoWork1/Musikbibliothek JP FLAC backup/Advents- und Weihnachtslieder/Christmas-Songs, Disc 2/02 Verschiedene - Go Tell It On The Mountain.flac copied
Fri Feb 16 21:19:47 CET 2024: /Volumes/VideoWork1/Musikbibliothek JP FLAC backup/Advents- und Weihnachtslieder/Christmas-Songs, Disc 2/03 Verschiedene - The Bells Of Christmas.flac copied
Fri Feb 16 21:19:47 CET 2024: /Volumes/VideoWork1/Musikbibliothek JP FLAC backup/Advents- und Weihnachtslieder/Christmas-Songs, Disc 2/04 Verschiedene - Hey Santa!.flac copied
Fri Feb 16 21:19:47 CET 2024: /Volumes/VideoWork1/Musikbibliothek JP FLAC backup/Advents- und Weihnachtslieder/Christmas-Songs, Disc 2/05 Verschiedene - Here Comes Santa Claus.flac copied
Fri Feb 16 21:19:48 CET 2024: /Volumes/VideoWork1/Musikbibliothek JP FLAC backup/Advents- und Weihnachtslieder/Christmas-Songs, Disc 2/06 Verschiedene - Christmas Day.flac copied
Fri Feb 16 21:19:48 CET 2024: /Volumes/VideoWork1/Musikbibliothek JP FLAC backup/Advents- und Weihnachtslieder/Christmas-Songs, Disc 2/07 Verschiedene - Snowflakes Of Love.flac copied
Fri Feb 16 21:19:48 CET 2024: /Volumes/VideoWork1/Musikbibliothek JP FLAC backup/Advents- und Weihnachtslieder/Christmas-Songs, Disc 2/09 Verschiedene - I Have A Dream.flac copied
Fri Feb 16 21:19:49 CET 2024: /Volumes/VideoWork1/Musikbibliothek JP FLAC backup/Advents- und Weihnachtslieder/Christmas-Songs, Disc 2/10 Verschiedene - At Christmas.flac copied
Fri Feb 16 21:19:49 CET 2024: /Volumes/VideoWork1/Musikbibliothek JP FLAC backup/Advents- und Weihnachtslieder/Christmas-Songs, Disc 2/11 Verschiedene - Under The Christmas Tree.flac copied
Fri Feb 16 21:19:49 CET 2024: /Volumes/VideoWork1/Musikbibliothek JP FLAC backup/Advents- und Weihnachtslieder/Christmas-Songs, Disc 2/12 Verschiedene - Jingle Bells.flac copied
Fri Feb 16 21:19:50 CET 2024: /Volumes/VideoWork1/Musikbibliothek JP FLAC backup/Advents- und Weihnachtslieder/Christmas-Songs, Disc 2/13 Verschiedene - Jingle Bell Rock.flac copied
Fri Feb 16 21:19:50 CET 2024: /Volumes/VideoWork1/Musikbibliothek JP FLAC backup/Advents- und Weihnachtslieder/Christmas-Songs, Disc 2/14 Verschiedene - I'll Be Home This Christmas.flac copied
Fri Feb 16 21:19:50 CET 2024: /Volumes/VideoWork1/Musikbibliothek JP FLAC backup/Advents- und Weihnachtslieder/Christmas-Songs, Disc 2/15 Verschiedene - Christmas For Cowboys.flac copied
Fri Feb 16 21:19:50 CET 2024: /Volumes/VideoWork1/Musikbibliothek JP FLAC backup/Advents- und Weihnachtslieder/Christmas-Songs, Disc 2/16 Verschiedene - From A Distance.flac copied
Fri Feb 16 21:19:51 CET 2024: /Volumes/VideoWork1/Musikbibliothek JP FLAC backup/Advents- und Weihnachtslieder/Christmas-Songs, Disc 2/17 Verschiedene - Stop The Cavalry.flac copied
Fri Feb 16 21:19:51 CET 2024: /Volumes/VideoWork1/Musikbibliothek JP FLAC backup/Advents- und Weihnachtslieder/Christmas-Songs, Disc 2/18 Verschiedene - I'll Be Home For Christmas.flac copied
Fri Feb 16 21:19:51 CET 2024: /Volumes/VideoWork1/Musikbibliothek JP FLAC backup/Advents- und Weihnachtslieder/Christmas-Songs, Disc 2/19 Verschiedene - One Wish (For Christmas).flac copied
Fri Feb 16 21:19:51 CET 2024: /Volumes/VideoWork1/Musikbibliothek JP FLAC backup/Advents- und Weihnachtslieder/Christmas-Songs, Disc 2/20 Verschiedene - Ave Maria.flac copied
Fri Feb 16 21:19:52 CET 2024: /Volumes/VideoWork1/Musikbibliothek JP FLAC backup/Advents- und Weihnachtslieder/Christmas-Songs, Disc 3/08 Verschiedene - A Christmas Love Song.flac copied
Fri Feb 16 21:19:52 CET 2024: /Volumes/VideoWork1/Musikbibliothek JP FLAC backup/Advents- und Weihnachtslieder/Christmas-Songs, Disc 3/01 Verschiedene - Let It Snow! Let It Snow! Let It Snow!.flac copied
Fri Feb 16 21:19:52 CET 2024: /Volumes/VideoWork1/Musikbibliothek JP FLAC backup/Advents- und Weihnachtslieder/Christmas-Songs, Disc 3/02 Verschiedene - White Christmas.flac copied
Fri Feb 16 21:19:52 CET 2024: /Volumes/VideoWork1/Musikbibliothek JP FLAC backup/Advents- und Weihnachtslieder/Christmas-Songs, Disc 3/03 Verschiedene - Silent Night.flac copied
Fri Feb 16 21:19:53 CET 2024: /Volumes/VideoWork1/Musikbibliothek JP FLAC backup/Advents- und Weihnachtslieder/Christmas-Songs, Disc 3/04 Verschiedene - Christmasland.flac copied
Fri Feb 16 21:19:53 CET 2024: /Volumes/VideoWork1/Musikbibliothek JP FLAC backup/Advents- und Weihnachtslieder/Christmas-Songs, Disc 3/05 Verschiedene - Merry Christmas Baby.flac copied
Fri Feb 16 21:19:53 CET 2024: /Volumes/VideoWork1/Musikbibliothek JP FLAC backup/Advents- und Weihnachtslieder/Christmas-Songs, Disc 3/06 Verschiedene - Hard Candy Christmas.flac copied
Fri Feb 16 21:19:54 CET 2024: /Volumes/VideoWork1/Musikbibliothek JP FLAC backup/Advents- und Weihnachtslieder/Christmas-Songs, Disc 3/07 Verschiedene - Santa Baby.flac copied
Fri Feb 16 21:19:54 CET 2024: /Volumes/VideoWork1/Musikbibliothek JP FLAC backup/Advents- und Weihnachtslieder/Christmas-Songs, Disc 3/09 Verschiedene - It's Beginning To Look A Lot Like Christmas.flac copied
Fri Feb 16 21:19:54 CET 2024: /Volumes/VideoWork1/Musikbibliothek JP FLAC backup/Advents- und Weihnachtslieder/Christmas-Songs, Disc 3/10 Verschiedene - Pretty Paper.flac copied
Fri Feb 16 21:19:54 CET 2024: /Volumes/VideoWork1/Musikbibliothek JP FLAC backup/Advents- und Weihnachtslieder/Christmas-Songs, Disc 3/11 Verschiedene - The Christmas Tree.flac copied
Fri Feb 16 21:19:54 CET 2024: /Volumes/VideoWork1/Musikbibliothek JP FLAC backup/Advents- und Weihnachtslieder/Christmas-Songs, Disc 3/12 Verschiedene - Rudolph The Red-Nosed Reindeer.flac copied
Fri Feb 16 21:19:55 CET 2024: /Volumes/VideoWork1/Musikbibliothek JP FLAC backup/Advents- und Weihnachtslieder/Christmas-Songs, Disc 3/13 Verschiedene - The Secret Of Christmas.flac copied
Fri Feb 16 21:19:55 CET 2024: /Volumes/VideoWork1/Musikbibliothek JP FLAC backup/Advents- und Weihnachtslieder/Christmas-Songs, Disc 3/14 Verschiedene - Christmas Comes To Us All Once A Year.flac copied
Fri Feb 16 21:19:55 CET 2024: /Volumes/VideoWork1/Musikbibliothek JP FLAC backup/Advents- und Weihnachtslieder/Christmas-Songs, Disc 3/15 Verschiedene - The Christmas Song (Chestnuts Roasting On A Open Fire).flac copied
Fri Feb 16 21:19:55 CET 2024: /Volumes/VideoWork1/Musikbibliothek JP FLAC backup/Advents- und Weihnachtslieder/Christmas-Songs, Disc 3/16 Verschiedene - Rockin' Around The Christmas Tree.flac copied
Fri Feb 16 21:19:55 CET 2024: /Volumes/VideoWork1/Musikbibliothek JP FLAC backup/Advents- und Weihnachtslieder/Christmas-Songs, Disc 3/17 Verschiedene - It's The Most Wonderful Time Of The Year.flac copied
Fri Feb 16 21:19:55 CET 2024: /Volumes/VideoWork1/Musikbibliothek JP FLAC backup/Advents- und Weihnachtslieder/Christmas-Songs, Disc 3/18 Verschiedene - A Merry Christmas.flac copied
Fri Feb 16 21:19:56 CET 2024: /Volumes/VideoWork1/Musikbibliothek JP FLAC backup/Advents- und Weihnachtslieder/Christmas-Songs, Disc 3/19 Verschiedene - Mary's Boy Child.flac copied
Fri Feb 16 21:19:56 CET 2024: /Volumes/VideoWork1/Musikbibliothek JP FLAC backup/Advents- und Weihnachtslieder/Christmas-Songs, Disc 3/20 Verschiedene - Winter Wonderland.flac copied
Fri Feb 16 21:19:56 CET 2024: /Volumes/VideoWork1/Musikbibliothek JP FLAC backup/Advents- und Weihnachtslieder/My Christmas Experience/01 - Intro.flac copied
Fri Feb 16 21:19:56 CET 2024: /Volumes/VideoWork1/Musikbibliothek JP FLAC backup/Advents- und Weihnachtslieder/My Christmas Experience/02 - Go Tell It On The Mountain.flac copied
Fri Feb 16 21:19:57 CET 2024: /Volumes/VideoWork1/Musikbibliothek JP FLAC backup/Advents- und Weihnachtslieder/My Christmas Experience/03 - O Come All Ye Faithful (Adeste Fideles).flac copied
Fri Feb 16 21:19:57 CET 2024: /Volumes/VideoWork1/Musikbibliothek JP FLAC backup/Advents- und Weihnachtslieder/My Christmas Experience/04 - Bereite Dich, Zion.flac copied
Fri Feb 16 21:19:57 CET 2024: /Volumes/VideoWork1/Musikbibliothek JP FLAC backup/Advents- und Weihnachtslieder/My Christmas Experience/05 - Rudolph's Story.flac copied
Fri Feb 16 21:19:57 CET 2024: /Volumes/VideoWork1/Musikbibliothek JP FLAC backup/Advents- und Weihnachtslieder/My Christmas Experience/06 - Rudolph, The Red-Nosed Reindeer.flac copied
Fri Feb 16 21:19:58 CET 2024: /Volumes/VideoWork1/Musikbibliothek JP FLAC backup/Advents- und Weihnachtslieder/My Christmas Experience/07 - Silent Night, Holy Night _part I_.flac copied
Fri Feb 16 21:19:58 CET 2024: /Volumes/VideoWork1/Musikbibliothek JP FLAC backup/Advents- und Weihnachtslieder/My Christmas Experience/08 - Susani, Susani.flac copied
Fri Feb 16 21:19:58 CET 2024: /Volumes/VideoWork1/Musikbibliothek JP FLAC backup/Advents- und Weihnachtslieder/My Christmas Experience/09 - A Solis Ortus Cardine.flac copied
Fri Feb 16 21:19:59 CET 2024: /Volumes/VideoWork1/Musikbibliothek JP FLAC backup/Advents- und Weihnachtslieder/My Christmas Experience/10 - Jingle Bells.flac copied
Fri Feb 16 21:19:59 CET 2024: /Volumes/VideoWork1/Musikbibliothek JP FLAC backup/Advents- und Weihnachtslieder/My Christmas Experience/11 - We Wish You A Merry Christmas.flac copied
Fri Feb 16 21:19:59 CET 2024: /Volumes/VideoWork1/Musikbibliothek JP FLAC backup/Advents- und Weihnachtslieder/My Christmas Experience/12 - The Little Drummer Boy.flac copied
Fri Feb 16 21:19:59 CET 2024: /Volumes/VideoWork1/Musikbibliothek JP FLAC backup/Advents- und Weihnachtslieder/My Christmas Experience/13 - Deck The Hall.flac copied
Fri Feb 16 21:19:59 CET 2024: /Volumes/VideoWork1/Musikbibliothek JP FLAC backup/Advents- und Weihnachtslieder/My Christmas Experience/14 - Ich Steh'an Deiner Krippen Hier.flac copied
Fri Feb 16 21:20:00 CET 2024: /Volumes/VideoWork1/Musikbibliothek JP FLAC backup/Advents- und Weihnachtslieder/My Christmas Experience/15 - O Tannenbaum, Du Trägst Ein' Grünen Zweig.flac copied
Fri Feb 16 21:20:00 CET 2024: /Volumes/VideoWork1/Musikbibliothek JP FLAC backup/Advents- und Weihnachtslieder/My Christmas Experience/16 - Silent Night, Holy Night _part 2_.flac copied
Fri Feb 16 21:20:00 CET 2024: /Volumes/VideoWork1/Musikbibliothek JP FLAC backup/Advents- und Weihnachtslieder/My Christmas Experience/17 - Angels We Have Heard On High.flac copied
Fri Feb 16 21:20:00 CET 2024: /Volumes/VideoWork1/Musikbibliothek JP FLAC backup/Advents- und Weihnachtslieder/My Christmas Experience/18 - Amazing Grace.flac copied
Fri Feb 16 21:20:01 CET 2024: /Volumes/VideoWork1/Musikbibliothek JP FLAC backup/Advents- und Weihnachtslieder/Silent Night; Songs for Christmas/01 - Sweet Little Jesus Boy.flac copied
Fri Feb 16 21:20:01 CET 2024: /Volumes/VideoWork1/Musikbibliothek JP FLAC backup/Advents- und Weihnachtslieder/Silent Night; Songs for Christmas/02 - A Star Stood Still (Song of the Nativity).flac copied
Fri Feb 16 21:20:01 CET 2024: /Volumes/VideoWork1/Musikbibliothek JP FLAC backup/Advents- und Weihnachtslieder/Silent Night; Songs for Christmas/03 - Hark! The Herald Angels Sing.flac copied
Fri Feb 16 21:20:01 CET 2024: /Volumes/VideoWork1/Musikbibliothek JP FLAC backup/Advents- und Weihnachtslieder/Silent Night; Songs for Christmas/04 - Christmas Comes to Us All Once a Year.flac copied
Fri Feb 16 21:20:01 CET 2024: /Volumes/VideoWork1/Musikbibliothek JP FLAC backup/Advents- und Weihnachtslieder/Silent Night; Songs for Christmas/05 - Joy to the World!.flac copied
Fri Feb 16 21:20:02 CET 2024: /Volumes/VideoWork1/Musikbibliothek JP FLAC backup/Advents- und Weihnachtslieder/Silent Night; Songs for Christmas/06 - O Come All Ye Faithful.flac copied
Fri Feb 16 21:20:02 CET 2024: /Volumes/VideoWork1/Musikbibliothek JP FLAC backup/Advents- und Weihnachtslieder/Silent Night; Songs for Christmas/07 - O Little Town of Bethlehem.flac copied
Fri Feb 16 21:20:02 CET 2024: /Volumes/VideoWork1/Musikbibliothek JP FLAC backup/Advents- und Weihnachtslieder/Silent Night; Songs for Christmas/08 - What Can I Give.flac copied
Fri Feb 16 21:20:03 CET 2024: /Volumes/VideoWork1/Musikbibliothek JP FLAC backup/Advents- und Weihnachtslieder/Silent Night; Songs for Christmas/09 - Go Tell It on the Mountain.flac copied
Fri Feb 16 21:20:03 CET 2024: /Volumes/VideoWork1/Musikbibliothek JP FLAC backup/Advents- und Weihnachtslieder/Silent Night; Songs for Christmas/10 - Silent Night, Holy Night.flac copied
Fri Feb 16 21:20:03 CET 2024: /Volumes/VideoWork1/Musikbibliothek JP FLAC backup/Advents- und Weihnachtslieder/Und Das Licht Kam In Die Welt/01 - Adventweise.flac copied
Fri Feb 16 21:20:03 CET 2024: /Volumes/VideoWork1/Musikbibliothek JP FLAC backup/Advents- und Weihnachtslieder/Und Das Licht Kam In Die Welt/01 Verschiedene Interpreten - Adventweise.flac copied
Fri Feb 16 21:20:03 CET 2024: /Volumes/VideoWork1/Musikbibliothek JP FLAC backup/Advents- und Weihnachtslieder/Und Das Licht Kam In Die Welt/02 - Geht's Brüada Wisst's Es....flac copied
Fri Feb 16 21:20:03 CET 2024: /Volumes/VideoWork1/Musikbibliothek JP FLAC backup/Advents- und Weihnachtslieder/Und Das Licht Kam In Die Welt/02 Verschiedene Interpreten - Geht's Brüada Wisst's Es.flac copied
Fri Feb 16 21:20:03 CET 2024: /Volumes/VideoWork1/Musikbibliothek JP FLAC backup/Advents- und Weihnachtslieder/Und Das Licht Kam In Die Welt/03 - In Da Stub'n.flac copied
Fri Feb 16 21:20:04 CET 2024: /Volumes/VideoWork1/Musikbibliothek JP FLAC backup/Advents- und Weihnachtslieder/Und Das Licht Kam In Die Welt/03 Verschiedene Interpreten - In Da Stub'n.flac copied
Fri Feb 16 21:20:04 CET 2024: /Volumes/VideoWork1/Musikbibliothek JP FLAC backup/Advents- und Weihnachtslieder/Und Das Licht Kam In Die Welt/04 - Die Dunkelheit.flac copied
Fri Feb 16 21:20:04 CET 2024: /Volumes/VideoWork1/Musikbibliothek JP FLAC backup/Advents- und Weihnachtslieder/Und Das Licht Kam In Die Welt/04 Verschiedene Interpreten - Die Dunkelheit.flac copied
Fri Feb 16 21:20:04 CET 2024: /Volumes/VideoWork1/Musikbibliothek JP FLAC backup/Advents- und Weihnachtslieder/Und Das Licht Kam In Die Welt/05 - 's Gebot.flac copied
Fri Feb 16 21:20:04 CET 2024: /Volumes/VideoWork1/Musikbibliothek JP FLAC backup/Advents- und Weihnachtslieder/Und Das Licht Kam In Die Welt/05 Verschiedene Interpreten - 's Gebot.flac copied
Fri Feb 16 21:20:04 CET 2024: /Volumes/VideoWork1/Musikbibliothek JP FLAC backup/Advents- und Weihnachtslieder/Und Das Licht Kam In Die Welt/06 - Der Engel Des Herrn.flac copied
Fri Feb 16 21:20:04 CET 2024: /Volumes/VideoWork1/Musikbibliothek JP FLAC backup/Advents- und Weihnachtslieder/Und Das Licht Kam In Die Welt/06 Verschiedene Interpreten - Der Engel Des Herrn.flac copied
Fri Feb 16 21:20:05 CET 2024: /Volumes/VideoWork1/Musikbibliothek JP FLAC backup/Advents- und Weihnachtslieder/Und Das Licht Kam In Die Welt/07 - F'Boarischer Aus Südtirol.flac copied
Fri Feb 16 21:20:05 CET 2024: /Volumes/VideoWork1/Musikbibliothek JP FLAC backup/Advents- und Weihnachtslieder/Und Das Licht Kam In Die Welt/07 Verschiedene Interpreten - F'Boarischer Aus Südtirol.flac copied
Fri Feb 16 21:20:05 CET 2024: /Volumes/VideoWork1/Musikbibliothek JP FLAC backup/Advents- und Weihnachtslieder/Und Das Licht Kam In Die Welt/08 - Maria Ach Verzeih'es Mir.flac copied
Fri Feb 16 21:20:05 CET 2024: /Volumes/VideoWork1/Musikbibliothek JP FLAC backup/Advents- und Weihnachtslieder/Und Das Licht Kam In Die Welt/09 - Bichlner Weis'.flac copied
Fri Feb 16 21:20:05 CET 2024: /Volumes/VideoWork1/Musikbibliothek JP FLAC backup/Advents- und Weihnachtslieder/Und Das Licht Kam In Die Welt/09 Verschiedene Interpreten - Bichlner Weis'.flac copied
Fri Feb 16 21:20:05 CET 2024: /Volumes/VideoWork1/Musikbibliothek JP FLAC backup/Advents- und Weihnachtslieder/Und Das Licht Kam In Die Welt/10 - Oh Edle Liabreiche.flac copied
Fri Feb 16 21:20:05 CET 2024: /Volumes/VideoWork1/Musikbibliothek JP FLAC backup/Advents- und Weihnachtslieder/Und Das Licht Kam In Die Welt/10 Verschiedene Interpreten - Oh Edle Liabreiche.flac copied
Fri Feb 16 21:20:06 CET 2024: /Volumes/VideoWork1/Musikbibliothek JP FLAC backup/Advents- und Weihnachtslieder/Und Das Licht Kam In Die Welt/11 - 1er Boarischer.flac copied
Fri Feb 16 21:20:06 CET 2024: /Volumes/VideoWork1/Musikbibliothek JP FLAC backup/Advents- und Weihnachtslieder/Und Das Licht Kam In Die Welt/11 Verschiedene Interpreten - 1er Boarischer.flac copied
Fri Feb 16 21:20:06 CET 2024: /Volumes/VideoWork1/Musikbibliothek JP FLAC backup/Advents- und Weihnachtslieder/Und Das Licht Kam In Die Welt/12 Verschiedene Interpreten - Die Kraft Der Armen.flac copied
Fri Feb 16 21:20:06 CET 2024: /Volumes/VideoWork1/Musikbibliothek JP FLAC backup/Advents- und Weihnachtslieder/Und Das Licht Kam In Die Welt/13 - Maria, Jungfrau Von Nazareth.flac copied
Fri Feb 16 21:20:06 CET 2024: /Volumes/VideoWork1/Musikbibliothek JP FLAC backup/Advents- und Weihnachtslieder/Und Das Licht Kam In Die Welt/13 Verschiedene Interpreten - Maria, Jungfrau Von Nazareth.flac copied
Fri Feb 16 21:20:06 CET 2024: /Volumes/VideoWork1/Musikbibliothek JP FLAC backup/Advents- und Weihnachtslieder/Und Das Licht Kam In Die Welt/14 - Stehet Auf....flac copied
Fri Feb 16 21:20:06 CET 2024: /Volumes/VideoWork1/Musikbibliothek JP FLAC backup/Advents- und Weihnachtslieder/Und Das Licht Kam In Die Welt/14 Verschiedene Interpreten - Stehet auf.flac copied
Fri Feb 16 21:20:06 CET 2024: /Volumes/VideoWork1/Musikbibliothek JP FLAC backup/Advents- und Weihnachtslieder/Und Das Licht Kam In Die Welt/15 - Markus Boarischer.flac copied
Fri Feb 16 21:20:07 CET 2024: /Volumes/VideoWork1/Musikbibliothek JP FLAC backup/Advents- und Weihnachtslieder/Und Das Licht Kam In Die Welt/15 Verschiedene Interpreten - Markus Boarischer.flac copied
Fri Feb 16 21:20:07 CET 2024: /Volumes/VideoWork1/Musikbibliothek JP FLAC backup/Advents- und Weihnachtslieder/Und Das Licht Kam In Die Welt/08 Verschiedene Interpreten - Maria Ach Verzeih'es Mir.flac copied
Fri Feb 16 21:20:07 CET 2024: /Volumes/VideoWork1/Musikbibliothek JP FLAC backup/Advents- und Weihnachtslieder/Und Das Licht Kam In Die Welt/12 - Die Kraft Der Armen.flac copied
Fri Feb 16 21:20:07 CET 2024: /Volumes/VideoWork1/Musikbibliothek JP FLAC backup/Advents- und Weihnachtslieder/Und Das Licht Kam In Die Welt/23 Verschiedene Interpreten - Kleine Weise In G.flac copied
Fri Feb 16 21:20:07 CET 2024: /Volumes/VideoWork1/Musikbibliothek JP FLAC backup/Advents- und Weihnachtslieder/Und Das Licht Kam In Die Welt/16 - Heats Meine Liabn Nachbarn.flac copied
Fri Feb 16 21:20:07 CET 2024: /Volumes/VideoWork1/Musikbibliothek JP FLAC backup/Advents- und Weihnachtslieder/Und Das Licht Kam In Die Welt/16 Verschiedene Interpreten - Heats Meine Liabn Nachbarn.flac copied
Fri Feb 16 21:20:08 CET 2024: /Volumes/VideoWork1/Musikbibliothek JP FLAC backup/Advents- und Weihnachtslieder/Und Das Licht Kam In Die Welt/17 - Menuett Um 1760-70.flac copied
Fri Feb 16 21:20:08 CET 2024: /Volumes/VideoWork1/Musikbibliothek JP FLAC backup/Advents- und Weihnachtslieder/Und Das Licht Kam In Die Welt/17 Verschiedene Interpreten - 70.flac copied
Fri Feb 16 21:20:08 CET 2024: /Volumes/VideoWork1/Musikbibliothek JP FLAC backup/Advents- und Weihnachtslieder/Und Das Licht Kam In Die Welt/18 - Tausend Sterne.flac copied
Fri Feb 16 21:20:08 CET 2024: /Volumes/VideoWork1/Musikbibliothek JP FLAC backup/Advents- und Weihnachtslieder/Und Das Licht Kam In Die Welt/18 Verschiedene Interpreten - Tausend Sterne.flac copied
Fri Feb 16 21:20:08 CET 2024: /Volumes/VideoWork1/Musikbibliothek JP FLAC backup/Advents- und Weihnachtslieder/Und Das Licht Kam In Die Welt/19 - Maxl Boarischer.flac copied
Fri Feb 16 21:20:08 CET 2024: /Volumes/VideoWork1/Musikbibliothek JP FLAC backup/Advents- und Weihnachtslieder/Und Das Licht Kam In Die Welt/19 Verschiedene Interpreten - Maxl Boarischer.flac copied
Fri Feb 16 21:20:08 CET 2024: /Volumes/VideoWork1/Musikbibliothek JP FLAC backup/Advents- und Weihnachtslieder/Und Das Licht Kam In Die Welt/20 - In Einer Kalten Winternacht.flac copied
Fri Feb 16 21:20:09 CET 2024: /Volumes/VideoWork1/Musikbibliothek JP FLAC backup/Advents- und Weihnachtslieder/Und Das Licht Kam In Die Welt/20 Verschiedene Interpreten - In Einer Kalten Winternacht.flac copied
Fri Feb 16 21:20:09 CET 2024: /Volumes/VideoWork1/Musikbibliothek JP FLAC backup/Advents- und Weihnachtslieder/Und Das Licht Kam In Die Welt/21 - Alt Salzburger Walzer.flac copied
Fri Feb 16 21:20:09 CET 2024: /Volumes/VideoWork1/Musikbibliothek JP FLAC backup/Advents- und Weihnachtslieder/Und Das Licht Kam In Die Welt/21 Verschiedene Interpreten - Alt Salzburger Walzer.flac copied
Fri Feb 16 21:20:09 CET 2024: /Volumes/VideoWork1/Musikbibliothek JP FLAC backup/Advents- und Weihnachtslieder/Und Das Licht Kam In Die Welt/22 - Büabei Im Wiagei.flac copied
Fri Feb 16 21:20:09 CET 2024: /Volumes/VideoWork1/Musikbibliothek JP FLAC backup/Advents- und Weihnachtslieder/Und Das Licht Kam In Die Welt/22 Verschiedene Interpreten - Büabei Im Wiagei.flac copied
Fri Feb 16 21:20:09 CET 2024: /Volumes/VideoWork1/Musikbibliothek JP FLAC backup/Advents- und Weihnachtslieder/Und Das Licht Kam In Die Welt/23 - Kleine Weise In G.flac copied
Fri Feb 16 21:20:09 CET 2024: /Volumes/VideoWork1/Musikbibliothek JP FLAC backup/Advents- und Weihnachtslieder/Und Das Licht Kam In Die Welt/24 - Erfreu Dich Du Mensch Auf Erden.flac copied
Fri Feb 16 21:20:09 CET 2024: /Volumes/VideoWork1/Musikbibliothek JP FLAC backup/Advents- und Weihnachtslieder/Und Das Licht Kam In Die Welt/24 Verschiedene Interpreten - Erfreu Dich Du Mensch Auf Erden.flac copied
Fri Feb 16 21:20:10 CET 2024: /Volumes/VideoWork1/Musikbibliothek JP FLAC backup/Advents- und Weihnachtslieder/Und Das Licht Kam In Die Welt/25 - Friedbi Boarischer.flac copied
Fri Feb 16 21:20:10 CET 2024: /Volumes/VideoWork1/Musikbibliothek JP FLAC backup/Advents- und Weihnachtslieder/Und Das Licht Kam In Die Welt/25 Verschiedene Interpreten - Friedbi Boarischer.flac copied
Fri Feb 16 21:20:10 CET 2024: /Volumes/VideoWork1/Musikbibliothek JP FLAC backup/Advents- und Weihnachtslieder/Und Das Licht Kam In Die Welt/26 - Seids Munter Ihr Christen.flac copied
Fri Feb 16 21:20:10 CET 2024: /Volumes/VideoWork1/Musikbibliothek JP FLAC backup/Advents- und Weihnachtslieder/Und Das Licht Kam In Die Welt/26 Verschiedene Interpreten - Seids Munter Ihr Christen.flac copied
Fri Feb 16 21:20:10 CET 2024: /Volumes/VideoWork1/Musikbibliothek JP FLAC backup/Advents- und Weihnachtslieder/Und Das Licht Kam In Die Welt/27 - Menuett Um 1800.flac copied
Fri Feb 16 21:20:10 CET 2024: /Volumes/VideoWork1/Musikbibliothek JP FLAC backup/Advents- und Weihnachtslieder/Und Das Licht Kam In Die Welt/27 Verschiedene Interpreten - Menuett Um 1800.flac copied
Fri Feb 16 21:20:10 CET 2024: /Volumes/VideoWork1/Musikbibliothek JP FLAC backup/Advents- und Weihnachtslieder/Und Das Licht Kam In Die Welt/28 - Ich Lag In Einer Nacht Und Schlief.flac copied
Fri Feb 16 21:20:11 CET 2024: /Volumes/VideoWork1/Musikbibliothek JP FLAC backup/Advents- und Weihnachtslieder/Und Das Licht Kam In Die Welt/28 Verschiedene Interpreten - Ich Lag In Einer Nacht Und Schlief.flac copied
Fri Feb 16 21:20:11 CET 2024: /Volumes/VideoWork1/Musikbibliothek JP FLAC backup/Advents- und Weihnachtslieder/Weihnacht In Der Bauernstub'n 3.1/01 Verschiedene Interpreten - Deine Wangalan.flac copied
Fri Feb 16 21:20:11 CET 2024: /Volumes/VideoWork1/Musikbibliothek JP FLAC backup/Advents- und Weihnachtslieder/Weihnacht In Der Bauernstub'n 3.1/02 Verschiedene Interpreten - Galmei Landler.flac copied
Fri Feb 16 21:20:11 CET 2024: /Volumes/VideoWork1/Musikbibliothek JP FLAC backup/Advents- und Weihnachtslieder/Weihnacht In Der Bauernstub'n 3.1/03 Verschiedene Interpreten - Hintegg-Landler.flac copied
Fri Feb 16 21:20:11 CET 2024: /Volumes/VideoWork1/Musikbibliothek JP FLAC backup/Advents- und Weihnachtslieder/Weihnacht In Der Bauernstub'n 3.1/04 Verschiedene Interpreten - Büabele, Liabele Du.flac copied
Fri Feb 16 21:20:11 CET 2024: /Volumes/VideoWork1/Musikbibliothek JP FLAC backup/Advents- und Weihnachtslieder/Weihnacht In Der Bauernstub'n 3.1/05 Verschiedene Interpreten - Guate Nacht Stückl.flac copied
Fri Feb 16 21:20:12 CET 2024: /Volumes/VideoWork1/Musikbibliothek JP FLAC backup/Advents- und Weihnachtslieder/Weihnacht In Der Bauernstub'n 3.1/06 Verschiedene Interpreten - Stiller Ländler Aus Kärnten.flac copied
Fri Feb 16 21:20:12 CET 2024: /Volumes/VideoWork1/Musikbibliothek JP FLAC backup/Advents- und Weihnachtslieder/Weihnacht In Der Bauernstub'n 3.1/08 Verschiedene Interpreten - Landlerweisen.flac copied
Fri Feb 16 21:20:12 CET 2024: /Volumes/VideoWork1/Musikbibliothek JP FLAC backup/Advents- und Weihnachtslieder/Weihnacht In Der Bauernstub'n 3.1/09 Verschiedene Interpreten - A Scheena Tag.flac copied
Fri Feb 16 21:20:12 CET 2024: /Volumes/VideoWork1/Musikbibliothek JP FLAC backup/Advents- und Weihnachtslieder/Weihnacht In Der Bauernstub'n 3.1/10 Verschiedene Interpreten - Der Tiafe Landler.flac copied
Fri Feb 16 21:20:12 CET 2024: /Volumes/VideoWork1/Musikbibliothek JP FLAC backup/Advents- und Weihnachtslieder/Weihnacht In Der Bauernstub'n 3.1/11 Verschiedene Interpreten - Flori Boarischer.flac copied
Fri Feb 16 21:20:12 CET 2024: /Volumes/VideoWork1/Musikbibliothek JP FLAC backup/Advents- und Weihnachtslieder/Weihnacht In Der Bauernstub'n 3.1/12 Verschiedene Interpreten - Hirtenweise.flac copied
Fri Feb 16 21:20:12 CET 2024: /Volumes/VideoWork1/Musikbibliothek JP FLAC backup/Advents- und Weihnachtslieder/Weihnacht In Der Bauernstub'n 3.1/13 Verschiedene Interpreten - In Da Thomasnacht.flac copied
Fri Feb 16 21:20:12 CET 2024: /Volumes/VideoWork1/Musikbibliothek JP FLAC backup/Advents- und Weihnachtslieder/Weihnacht In Der Bauernstub'n 3.1/15 Verschiedene Interpreten - Christkindls Wiegenlied.flac copied
Fri Feb 16 21:20:13 CET 2024: /Volumes/VideoWork1/Musikbibliothek JP FLAC backup/Advents- und Weihnachtslieder/Weihnacht In Der Bauernstub'n 3.1/16 Verschiedene Interpreten - Rauriser Ländler.flac copied
Fri Feb 16 21:20:13 CET 2024: /Volumes/VideoWork1/Musikbibliothek JP FLAC backup/Advents- und Weihnachtslieder/Weihnacht In Der Bauernstub'n 3.1/17 Verschiedene Interpreten - Eisblumen Walzer.flac copied
Fri Feb 16 21:20:13 CET 2024: /Volumes/VideoWork1/Musikbibliothek JP FLAC backup/Advents- und Weihnachtslieder/Weihnacht In Der Bauernstub'n 3.1/18 Verschiedene Interpreten - Menuett Aus Welschnofen.flac copied
Fri Feb 16 21:20:13 CET 2024: /Volumes/VideoWork1/Musikbibliothek JP FLAC backup/Advents- und Weihnachtslieder/Weihnacht In Der Bauernstub'n 3.1/19 Verschiedene Interpreten - Gmüatlich Am Stubntisch.flac copied
Fri Feb 16 21:20:13 CET 2024: /Volumes/VideoWork1/Musikbibliothek JP FLAC backup/Advents- und Weihnachtslieder/Weihnacht In Der Bauernstub'n 3.1/20 Verschiedene Interpreten - Schuaster Hans Landler.flac copied
Fri Feb 16 21:20:13 CET 2024: /Volumes/VideoWork1/Musikbibliothek JP FLAC backup/Advents- und Weihnachtslieder/Weihnacht In Der Bauernstub'n 3.1/07 Verschiedene Interpreten - Des Jahr Is Bald Gar.flac copied
Fri Feb 16 21:20:13 CET 2024: /Volumes/VideoWork1/Musikbibliothek JP FLAC backup/Advents- und Weihnachtslieder/Weihnacht In Der Bauernstub'n 3.1/14 Verschiedene Interpreten - 's Paradeisl.flac copied
Fri Feb 16 21:20:14 CET 2024: /Volumes/VideoWork1/Musikbibliothek JP FLAC backup/Advents- und Weihnachtslieder/Weihnacht In Der Bauernstub'n 3.2/07 Verschiedene Interpreten - Wenn d'Stern Glanz'n.flac copied
Fri Feb 16 21:20:14 CET 2024: /Volumes/VideoWork1/Musikbibliothek JP FLAC backup/Advents- und Weihnachtslieder/Weihnacht In Der Bauernstub'n 3.2/01 Verschiedene Interpreten - Bei Da Haselstaud.flac copied
Fri Feb 16 21:20:14 CET 2024: /Volumes/VideoWork1/Musikbibliothek JP FLAC backup/Advents- und Weihnachtslieder/Weihnacht In Der Bauernstub'n 3.2/02 Verschiedene Interpreten - Eini Hintan Ofen.flac copied
Fri Feb 16 21:20:14 CET 2024: /Volumes/VideoWork1/Musikbibliothek JP FLAC backup/Advents- und Weihnachtslieder/Weihnacht In Der Bauernstub'n 3.2/03 Verschiedene Interpreten - Salzburger Adventsweise.flac copied
Fri Feb 16 21:20:14 CET 2024: /Volumes/VideoWork1/Musikbibliothek JP FLAC backup/Advents- und Weihnachtslieder/Weihnacht In Der Bauernstub'n 3.2/04 Verschiedene Interpreten - Flageolett Landler.flac copied
Fri Feb 16 21:20:14 CET 2024: /Volumes/VideoWork1/Musikbibliothek JP FLAC backup/Advents- und Weihnachtslieder/Weihnacht In Der Bauernstub'n 3.2/05 Verschiedene Interpreten - Staad-Schleiniger.flac copied
Fri Feb 16 21:20:14 CET 2024: /Volumes/VideoWork1/Musikbibliothek JP FLAC backup/Advents- und Weihnachtslieder/Weihnacht In Der Bauernstub'n 3.2/06 Verschiedene Interpreten - Heiliger Tag.flac copied
Fri Feb 16 21:20:14 CET 2024: /Volumes/VideoWork1/Musikbibliothek JP FLAC backup/Advents- und Weihnachtslieder/Weihnacht In Der Bauernstub'n 3.2/08 Verschiedene Interpreten - Die Schöne Weis'.flac copied
Fri Feb 16 21:20:14 CET 2024: /Volumes/VideoWork1/Musikbibliothek JP FLAC backup/Advents- und Weihnachtslieder/Weihnacht In Der Bauernstub'n 3.2/09 Verschiedene Interpreten - Altmühldorfer Weis'.flac copied
Fri Feb 16 21:20:15 CET 2024: /Volumes/VideoWork1/Musikbibliothek JP FLAC backup/Advents- und Weihnachtslieder/Weihnacht In Der Bauernstub'n 3.2/10 Verschiedene Interpreten - Andante.flac copied
Fri Feb 16 21:20:15 CET 2024: /Volumes/VideoWork1/Musikbibliothek JP FLAC backup/Advents- und Weihnachtslieder/Weihnacht In Der Bauernstub'n 3.2/11 Verschiedene Interpreten - Krippenboarischer.flac copied
Fri Feb 16 21:20:15 CET 2024: /Volumes/VideoWork1/Musikbibliothek JP FLAC backup/Advents- und Weihnachtslieder/Weihnacht In Der Bauernstub'n 3.2/12 Verschiedene Interpreten - Der Übermütige Hirte.flac copied
Fri Feb 16 21:20:15 CET 2024: /Volumes/VideoWork1/Musikbibliothek JP FLAC backup/Advents- und Weihnachtslieder/Weihnacht In Der Bauernstub'n 3.2/13 Verschiedene Interpreten - Unser' Stille Abendstund'.flac copied
Fri Feb 16 21:20:15 CET 2024: /Volumes/VideoWork1/Musikbibliothek JP FLAC backup/Advents- und Weihnachtslieder/Weihnacht In Der Bauernstub'n 3.2/14 Verschiedene Interpreten - Da Liabe Gruass.flac copied
Fri Feb 16 21:20:15 CET 2024: /Volumes/VideoWork1/Musikbibliothek JP FLAC backup/Advents- und Weihnachtslieder/Weihnacht In Der Bauernstub'n 3.2/15 Verschiedene Interpreten - St.Anna Walzer.flac copied
Fri Feb 16 21:20:15 CET 2024: /Volumes/VideoWork1/Musikbibliothek JP FLAC backup/Advents- und Weihnachtslieder/Weihnacht In Der Bauernstub'n 3.2/16 Verschiedene Interpreten - Maria An Der Wiege.flac copied
Fri Feb 16 21:20:15 CET 2024: /Volumes/VideoWork1/Musikbibliothek JP FLAC backup/Advents- und Weihnachtslieder/Weihnacht In Der Bauernstub'n 3.2/17 Verschiedene Interpreten - Menuett.flac copied
Fri Feb 16 21:20:16 CET 2024: /Volumes/VideoWork1/Musikbibliothek JP FLAC backup/Advents- und Weihnachtslieder/Weihnacht In Der Bauernstub'n 3.2/18 Verschiedene Interpreten - Menuett Nr.2, Kv 164.flac copied
Fri Feb 16 21:20:16 CET 2024: /Volumes/VideoWork1/Musikbibliothek JP FLAC backup/Advents- und Weihnachtslieder/Weihnacht In Der Bauernstub'n 3.2/19 Verschiedene Interpreten - Es Glanzt In Da Sunn.flac copied
Fri Feb 16 21:20:16 CET 2024: /Volumes/VideoWork1/Musikbibliothek JP FLAC backup/Advents- und Weihnachtslieder/Weihnacht In Der Bauernstub'n 3.2/20 Verschiedene Interpreten - Andachtsjodler.flac copied
Fri Feb 16 21:20:17 CET 2024: /Volumes/VideoWork1/Musikbibliothek JP FLAC backup/Advents- und Weihnachtslieder/Weihnachten Im Berchtesgadener Land/08 - Die Winterrose.flac copied
Fri Feb 16 21:20:17 CET 2024: /Volumes/VideoWork1/Musikbibliothek JP FLAC backup/Advents- und Weihnachtslieder/Weihnachten Im Berchtesgadener Land/01 - Glocken Der Pfarrkirche Mariä Himmelfahrt In Anger-Oberbayern.flac copied
Fri Feb 16 21:20:17 CET 2024: /Volumes/VideoWork1/Musikbibliothek JP FLAC backup/Advents- und Weihnachtslieder/Weihnachten Im Berchtesgadener Land/02 - Süsser Die Glocken Nie Klingen.flac copied
Fri Feb 16 21:20:17 CET 2024: /Volumes/VideoWork1/Musikbibliothek JP FLAC backup/Advents- und Weihnachtslieder/Weihnachten Im Berchtesgadener Land/03 - Ois Tuat Warten.flac copied
Fri Feb 16 21:20:17 CET 2024: /Volumes/VideoWork1/Musikbibliothek JP FLAC backup/Advents- und Weihnachtslieder/Weihnachten Im Berchtesgadener Land/04 - Adventsweise.flac copied
Fri Feb 16 21:20:17 CET 2024: /Volumes/VideoWork1/Musikbibliothek JP FLAC backup/Advents- und Weihnachtslieder/Weihnachten Im Berchtesgadener Land/05 - Es Wird Scho Glei Dumpa.flac copied
Fri Feb 16 21:20:17 CET 2024: /Volumes/VideoWork1/Musikbibliothek JP FLAC backup/Advents- und Weihnachtslieder/Weihnachten Im Berchtesgadener Land/06 - Ich Steh'an Deiner Krippen Hier.flac copied
Fri Feb 16 21:20:17 CET 2024: /Volumes/VideoWork1/Musikbibliothek JP FLAC backup/Advents- und Weihnachtslieder/Weihnachten Im Berchtesgadener Land/07 - Hirtenmenuett.flac copied
Fri Feb 16 21:20:18 CET 2024: /Volumes/VideoWork1/Musikbibliothek JP FLAC backup/Advents- und Weihnachtslieder/Weihnachten Im Berchtesgadener Land/09 - Zu Bethlehem Geboren (Choral).flac copied
Fri Feb 16 21:20:18 CET 2024: /Volumes/VideoWork1/Musikbibliothek JP FLAC backup/Advents- und Weihnachtslieder/Weihnachten Im Berchtesgadener Land/10 - Maria Durch Ein Dornwald Ging.flac copied
Fri Feb 16 21:20:18 CET 2024: /Volumes/VideoWork1/Musikbibliothek JP FLAC backup/Advents- und Weihnachtslieder/Weihnachten Im Berchtesgadener Land/11 - Menuett Kv 164 Nr.1.flac copied
Fri Feb 16 21:20:18 CET 2024: /Volumes/VideoWork1/Musikbibliothek JP FLAC backup/Advents- und Weihnachtslieder/Weihnachten Im Berchtesgadener Land/12 - Abendsegen.flac copied
Fri Feb 16 21:20:18 CET 2024: /Volumes/VideoWork1/Musikbibliothek JP FLAC backup/Advents- und Weihnachtslieder/Weihnachten Im Berchtesgadener Land/13 - Tiefer Landler.flac copied
Fri Feb 16 21:20:18 CET 2024: /Volumes/VideoWork1/Musikbibliothek JP FLAC backup/Advents- und Weihnachtslieder/Weihnachten Im Berchtesgadener Land/14 - Andachtsjodler.flac copied
Fri Feb 16 21:20:19 CET 2024: /Volumes/VideoWork1/Musikbibliothek JP FLAC backup/Advents- und Weihnachtslieder/Weihnachten Im Berchtesgadener Land/15 - Aufhamer Krippenweise.flac copied
Fri Feb 16 21:20:19 CET 2024: /Volumes/VideoWork1/Musikbibliothek JP FLAC backup/Advents- und Weihnachtslieder/Weihnachten Im Berchtesgadener Land/16 - Stillen Nacht, Heilige Nacht.flac copied
Fri Feb 16 21:20:19 CET 2024: /Volumes/VideoWork1/Musikbibliothek JP FLAC backup/Advents- und Weihnachtslieder/Weihnachten Im Berchtesgadener Land/17 - Glocken Der Pfarrkirche Mariä Himmelfahrt In Anger-Oberbayern.flac copied
Fri Feb 16 21:20:19 CET 2024: /Volumes/VideoWork1/Musikbibliothek JP FLAC backup/Agnes Obel/Aventine/01 Agnes Obel - Chord Left.flac copied
Fri Feb 16 21:20:19 CET 2024: /Volumes/VideoWork1/Musikbibliothek JP FLAC backup/Agnes Obel/Aventine/02 Agnes Obel - Fuel to Fire.flac copied
Fri Feb 16 21:20:19 CET 2024: /Volumes/VideoWork1/Musikbibliothek JP FLAC backup/Agnes Obel/Aventine/03 Agnes Obel - Dorian.flac copied
Fri Feb 16 21:20:20 CET 2024: /Volumes/VideoWork1/Musikbibliothek JP FLAC backup/Agnes Obel/Aventine/04 Agnes Obel - Aventine.flac copied
Fri Feb 16 21:20:20 CET 2024: /Volumes/VideoWork1/Musikbibliothek JP FLAC backup/Agnes Obel/Aventine/05 Agnes Obel - Run Cried the Crawling.flac copied
Fri Feb 16 21:20:20 CET 2024: /Volumes/VideoWork1/Musikbibliothek JP FLAC backup/Agnes Obel/Aventine/06 Agnes Obel - Tokka.flac copied
Fri Feb 16 21:20:21 CET 2024: /Volumes/VideoWork1/Musikbibliothek JP FLAC backup/Agnes Obel/Aventine/07 Agnes Obel - The Curse.flac copied
Fri Feb 16 21:20:21 CET 2024: /Volumes/VideoWork1/Musikbibliothek JP FLAC backup/Agnes Obel/Aventine/08 Agnes Obel - Pass Them By.flac copied
Fri Feb 16 21:20:21 CET 2024: /Volumes/VideoWork1/Musikbibliothek JP FLAC backup/Agnes Obel/Aventine/09 Agnes Obel - Words Are Dead.flac copied
Fri Feb 16 21:20:21 CET 2024: /Volumes/VideoWork1/Musikbibliothek JP FLAC backup/Agnes Obel/Aventine/10 Agnes Obel - Fivefold.flac copied
Fri Feb 16 21:20:21 CET 2024: /Volumes/VideoWork1/Musikbibliothek JP FLAC backup/Agnes Obel/Aventine/11 Agnes Obel - Smoke & Mirrors.flac copied
Fri Feb 16 21:20:21 CET 2024: /Volumes/VideoWork1/Musikbibliothek JP FLAC backup/Agnes Obel/Philharmonics/01 Agnes Obel - Falling, Catching.flac copied
Fri Feb 16 21:20:22 CET 2024: /Volumes/VideoWork1/Musikbibliothek JP FLAC backup/Agnes Obel/Philharmonics/02 Agnes Obel - Riverside.flac copied
Fri Feb 16 21:20:22 CET 2024: /Volumes/VideoWork1/Musikbibliothek JP FLAC backup/Agnes Obel/Philharmonics/03 Agnes Obel - Brother Sparrow.flac copied
Fri Feb 16 21:20:22 CET 2024: /Volumes/VideoWork1/Musikbibliothek JP FLAC backup/Agnes Obel/Philharmonics/04 Agnes Obel - Just So.flac copied
Fri Feb 16 21:20:23 CET 2024: /Volumes/VideoWork1/Musikbibliothek JP FLAC backup/Agnes Obel/Philharmonics/05 Agnes Obel - Beast.flac copied
Fri Feb 16 21:20:23 CET 2024: /Volumes/VideoWork1/Musikbibliothek JP FLAC backup/Agnes Obel/Philharmonics/06 Agnes Obel - Louretta.flac copied
Fri Feb 16 21:20:23 CET 2024: /Volumes/VideoWork1/Musikbibliothek JP FLAC backup/Agnes Obel/Philharmonics/07 Agnes Obel - Avenue.flac copied
Fri Feb 16 21:20:23 CET 2024: /Volumes/VideoWork1/Musikbibliothek JP FLAC backup/Agnes Obel/Philharmonics/08 Agnes Obel - Philharmonics.flac copied
Fri Feb 16 21:20:23 CET 2024: /Volumes/VideoWork1/Musikbibliothek JP FLAC backup/Agnes Obel/Philharmonics/09 Agnes Obel - Close Watch.flac copied
Fri Feb 16 21:20:24 CET 2024: /Volumes/VideoWork1/Musikbibliothek JP FLAC backup/Agnes Obel/Philharmonics/10 Agnes Obel - Wallflower.flac copied
Fri Feb 16 21:20:24 CET 2024: /Volumes/VideoWork1/Musikbibliothek JP FLAC backup/Agnes Obel/Philharmonics/11 Agnes Obel - Over The Hill.flac copied
Fri Feb 16 21:20:24 CET 2024: /Volumes/VideoWork1/Musikbibliothek JP FLAC backup/Agnes Obel/Philharmonics/12 Agnes Obel - On Powdered Ground.flac copied
Fri Feb 16 21:20:24 CET 2024: /Volumes/VideoWork1/Musikbibliothek JP FLAC backup/Airto Moreira/Three-Way Mirror/01 Airto Moreira - Treme Terra.flac copied
Fri Feb 16 21:20:25 CET 2024: /Volumes/VideoWork1/Musikbibliothek JP FLAC backup/Airto Moreira/Three-Way Mirror/02 Airto Moreira - Misturada.flac copied
Fri Feb 16 21:20:25 CET 2024: /Volumes/VideoWork1/Musikbibliothek JP FLAC backup/Airto Moreira/Three-Way Mirror/03 Airto Moreira - The Return.flac copied
Fri Feb 16 21:20:26 CET 2024: /Volumes/VideoWork1/Musikbibliothek JP FLAC backup/Airto Moreira/Three-Way Mirror/04 Airto Moreira - Three-Way Mirror.flac copied
Fri Feb 16 21:20:26 CET 2024: /Volumes/VideoWork1/Musikbibliothek JP FLAC backup/Airto Moreira/Three-Way Mirror/05 Airto Moreira - San Francisco River.flac copied
Fri Feb 16 21:20:26 CET 2024: /Volumes/VideoWork1/Musikbibliothek JP FLAC backup/Airto Moreira/Three-Way Mirror/06 Airto Moreira - Comecar de Novo.flac copied
Fri Feb 16 21:20:27 CET 2024: /Volumes/VideoWork1/Musikbibliothek JP FLAC backup/Airto Moreira/Three-Way Mirror/07 Airto Moreira - Lilia.flac copied
Fri Feb 16 21:20:28 CET 2024: /Volumes/VideoWork1/Musikbibliothek JP FLAC backup/Airto Moreira/Three-Way Mirror/08 Airto Moreira - Plane to the Trane.flac copied
Fri Feb 16 21:20:28 CET 2024: /Volumes/VideoWork1/Musikbibliothek JP FLAC backup/Ajattara/Itse/01 Ajattara - Ydesksäs.flac copied
Fri Feb 16 21:20:29 CET 2024: /Volumes/VideoWork1/Musikbibliothek JP FLAC backup/Ajattara/Itse/02 Ajattara - Verivalta.flac copied
Fri Feb 16 21:20:29 CET 2024: /Volumes/VideoWork1/Musikbibliothek JP FLAC backup/Ajattara/Itse/03 Ajattara - Musta Aurinko.flac copied
Fri Feb 16 21:20:29 CET 2024: /Volumes/VideoWork1/Musikbibliothek JP FLAC backup/Ajattara/Itse/04 Ajattara - Kuolevan Rukous.flac copied
Fri Feb 16 21:20:30 CET 2024: /Volumes/VideoWork1/Musikbibliothek JP FLAC backup/Ajattara/Itse/05 Ajattara - Agräs.flac copied
Fri Feb 16 21:20:30 CET 2024: /Volumes/VideoWork1/Musikbibliothek JP FLAC backup/Ajattara/Itse/06 Ajattara - Murhamiesi.flac copied
Fri Feb 16 21:20:30 CET 2024: /Volumes/VideoWork1/Musikbibliothek JP FLAC backup/Ajattara/Itse/07 Ajattara - Tulessa.flac copied
Fri Feb 16 21:20:31 CET 2024: /Volumes/VideoWork1/Musikbibliothek JP FLAC backup/Ajattara/Itse/08 Ajattara - Manan Lapset.flac copied
Fri Feb 16 21:20:31 CET 2024: /Volumes/VideoWork1/Musikbibliothek JP FLAC backup/Ajattara/Itse/09 Ajattara - Rajan Takaa.flac copied
Fri Feb 16 21:20:31 CET 2024: /Volumes/VideoWork1/Musikbibliothek JP FLAC backup/Ajattara/Itse/10 Ajattara - Vihan Musta Tanssi.flac copied
Fri Feb 16 21:20:32 CET 2024: /Volumes/VideoWork1/Musikbibliothek JP FLAC backup/Ajattara/Kuolema/01 Ajattara - Antakaa Elää.flac copied
Fri Feb 16 21:20:32 CET 2024: /Volumes/VideoWork1/Musikbibliothek JP FLAC backup/Ajattara/Kuolema/02 Ajattara - Surman Henki.flac copied
Fri Feb 16 21:20:32 CET 2024: /Volumes/VideoWork1/Musikbibliothek JP FLAC backup/Ajattara/Kuolema/03 Ajattara - Haureus.flac copied
Fri Feb 16 21:20:32 CET 2024: /Volumes/VideoWork1/Musikbibliothek JP FLAC backup/Ajattara/Kuolema/04 Ajattara - Huoran Alla.flac copied
Fri Feb 16 21:20:33 CET 2024: /Volumes/VideoWork1/Musikbibliothek JP FLAC backup/Ajattara/Kuolema/05 Ajattara - Ikiyössä.flac copied
Fri Feb 16 21:20:33 CET 2024: /Volumes/VideoWork1/Musikbibliothek JP FLAC backup/Ajattara/Kuolema/06 Ajattara - Musta Leski.flac copied
Fri Feb 16 21:20:33 CET 2024: /Volumes/VideoWork1/Musikbibliothek JP FLAC backup/Ajattara/Kuolema/07 Ajattara - Sielun Särkijä.flac copied
Fri Feb 16 21:20:34 CET 2024: /Volumes/VideoWork1/Musikbibliothek JP FLAC backup/Ajattara/Kuolema/08 Ajattara - Kituvan Kiitos.flac copied
Fri Feb 16 21:20:34 CET 2024: /Volumes/VideoWork1/Musikbibliothek JP FLAC backup/Ajattara/Kuolema/09 Ajattara - Helvetissä On Syntisen Taivas.flac copied
Fri Feb 16 21:20:35 CET 2024: /Volumes/VideoWork1/Musikbibliothek JP FLAC backup/Ajattara/Kuolema/10 Ajattara - Rauhassa.flac copied
Fri Feb 16 21:20:35 CET 2024: /Volumes/VideoWork1/Musikbibliothek JP FLAC backup/Ajattara/Tyhjyys/01 Ajattara - Intro.flac copied
Fri Feb 16 21:20:35 CET 2024: /Volumes/VideoWork1/Musikbibliothek JP FLAC backup/Ajattara/Tyhjyys/02 Ajattara - Sortajan Kaipuu.flac copied
Fri Feb 16 21:20:35 CET 2024: /Volumes/VideoWork1/Musikbibliothek JP FLAC backup/Ajattara/Tyhjyys/03 Ajattara - Katumuksen Kyinen Koura.flac copied
Fri Feb 16 21:20:36 CET 2024: /Volumes/VideoWork1/Musikbibliothek JP FLAC backup/Ajattara/Tyhjyys/04 Ajattara - Naaras.flac copied
Fri Feb 16 21:20:36 CET 2024: /Volumes/VideoWork1/Musikbibliothek JP FLAC backup/Ajattara/Tyhjyys/05 Ajattara - Armon Arvet.flac copied
Fri Feb 16 21:20:36 CET 2024: /Volumes/VideoWork1/Musikbibliothek JP FLAC backup/Ajattara/Tyhjyys/06 Ajattara - Pahan Tuoma.flac copied
Fri Feb 16 21:20:37 CET 2024: /Volumes/VideoWork1/Musikbibliothek JP FLAC backup/Ajattara/Tyhjyys/07 Ajattara - Harhojen Renki.flac copied
Fri Feb 16 21:20:37 CET 2024: /Volumes/VideoWork1/Musikbibliothek JP FLAC backup/Ajattara/Tyhjyys/08 Ajattara - Langennut.flac copied
Fri Feb 16 21:20:37 CET 2024: /Volumes/VideoWork1/Musikbibliothek JP FLAC backup/Ajattara/Tyhjyys/09 Ajattara - Uhrit.flac copied
Fri Feb 16 21:20:38 CET 2024: /Volumes/VideoWork1/Musikbibliothek JP FLAC backup/Ajattara/Tyhjyys/10 Ajattara - Tyhjyydestä.flac copied
Fri Feb 16 21:20:38 CET 2024: /Volumes/VideoWork1/Musikbibliothek JP FLAC backup/Ajattara/Tyhjyys/11 Ajattara - Outro.flac copied
Fri Feb 16 21:20:38 CET 2024: /Volumes/VideoWork1/Musikbibliothek JP FLAC backup/Al di Meola/Di Meola Plays Piazzolla/01 - Oblivion.flac copied
Fri Feb 16 21:20:39 CET 2024: /Volumes/VideoWork1/Musikbibliothek JP FLAC backup/Al di Meola/Di Meola Plays Piazzolla/02 - Café 1930.flac copied
Fri Feb 16 21:20:39 CET 2024: /Volumes/VideoWork1/Musikbibliothek JP FLAC backup/Al di Meola/Di Meola Plays Piazzolla/03 - Tango Suite, Pt. 1.flac copied
Fri Feb 16 21:20:40 CET 2024: /Volumes/VideoWork1/Musikbibliothek JP FLAC backup/Al di Meola/Di Meola Plays Piazzolla/04 - Tango Suite, Pt. 2.flac copied
Fri Feb 16 21:20:40 CET 2024: /Volumes/VideoWork1/Musikbibliothek JP FLAC backup/Al di Meola/Di Meola Plays Piazzolla/05 - Verano Reflections.flac copied
Fri Feb 16 21:20:40 CET 2024: /Volumes/VideoWork1/Musikbibliothek JP FLAC backup/Al di Meola/Di Meola Plays Piazzolla/06 - Night Club 1960.flac copied
Fri Feb 16 21:20:41 CET 2024: /Volumes/VideoWork1/Musikbibliothek JP FLAC backup/Al di Meola/Di Meola Plays Piazzolla/07 - Tango II.flac copied
Fri Feb 16 21:20:41 CET 2024: /Volumes/VideoWork1/Musikbibliothek JP FLAC backup/Al di Meola/Di Meola Plays Piazzolla/08 - Bordel 1900.flac copied
Fri Feb 16 21:20:41 CET 2024: /Volumes/VideoWork1/Musikbibliothek JP FLAC backup/Al di Meola/Di Meola Plays Piazzolla/09 - Milonga del Angel.flac copied
Fri Feb 16 21:20:42 CET 2024: /Volumes/VideoWork1/Musikbibliothek JP FLAC backup/Al di Meola/Di Meola Plays Piazzolla/10 - Last Tango for Astor.flac copied
Fri Feb 16 21:20:42 CET 2024: /Volumes/VideoWork1/Musikbibliothek JP FLAC backup/Al di Meola/Kiss My Axe/01 - South Bound Traveler.flac copied
Fri Feb 16 21:20:43 CET 2024: /Volumes/VideoWork1/Musikbibliothek JP FLAC backup/Al di Meola/Kiss My Axe/02 - The Embrace.flac copied
Fri Feb 16 21:20:43 CET 2024: /Volumes/VideoWork1/Musikbibliothek JP FLAC backup/Al di Meola/Kiss My Axe/03 - Kiss My Axe.flac copied
Fri Feb 16 21:20:44 CET 2024: /Volumes/VideoWork1/Musikbibliothek JP FLAC backup/Al di Meola/Kiss My Axe/04 - Morocco.flac copied
Fri Feb 16 21:20:44 CET 2024: /Volumes/VideoWork1/Musikbibliothek JP FLAC backup/Al di Meola/Kiss My Axe/05 - Gigi's Playtime Rhyme (Interlude #1).flac copied
Fri Feb 16 21:20:45 CET 2024: /Volumes/VideoWork1/Musikbibliothek JP FLAC backup/Al di Meola/Kiss My Axe/06 - One Night Last June.flac copied
Fri Feb 16 21:20:45 CET 2024: /Volumes/VideoWork1/Musikbibliothek JP FLAC backup/Al di Meola/Kiss My Axe/07 - Phantom.flac copied
Fri Feb 16 21:20:45 CET 2024: /Volumes/VideoWork1/Musikbibliothek JP FLAC backup/Al di Meola/Kiss My Axe/08 - Erotic Interlude (Interlude #2).flac copied
Fri Feb 16 21:20:46 CET 2024: /Volumes/VideoWork1/Musikbibliothek JP FLAC backup/Al di Meola/Kiss My Axe/09 - Global Safari.flac copied
Fri Feb 16 21:20:46 CET 2024: /Volumes/VideoWork1/Musikbibliothek JP FLAC backup/Al di Meola/Kiss My Axe/10 - Interlude #3.flac copied
Fri Feb 16 21:20:46 CET 2024: /Volumes/VideoWork1/Musikbibliothek JP FLAC backup/Al di Meola/Kiss My Axe/11 - Purple Orchids.flac copied
Fri Feb 16 21:20:46 CET 2024: /Volumes/VideoWork1/Musikbibliothek JP FLAC backup/Al di Meola/Kiss My Axe/12 - The Prophet (Interlude #4).flac copied
Fri Feb 16 21:20:47 CET 2024: /Volumes/VideoWork1/Musikbibliothek JP FLAC backup/Al di Meola/Kiss My Axe/13 - Oriana (September 24, 1988).flac copied
Fri Feb 16 21:20:52 CET 2024: /Volumes/VideoWork1/Musikbibliothek JP FLAC backup/Al Di Meola, John McLaughlin And Paco De Lucia/Friday Night In San Francisco (Remaster)/01 Mediterranean Sundance , Rio Ancho.dsf copied
Fri Feb 16 21:20:57 CET 2024: /Volumes/VideoWork1/Musikbibliothek JP FLAC backup/Al Di Meola, John McLaughlin And Paco De Lucia/Friday Night In San Francisco (Remaster)/02 Short Tales of the Black Forest.dsf copied
Fri Feb 16 21:21:01 CET 2024: /Volumes/VideoWork1/Musikbibliothek JP FLAC backup/Al Di Meola, John McLaughlin And Paco De Lucia/Friday Night In San Francisco (Remaster)/03 Frevo Rasgado.dsf copied
Fri Feb 16 21:21:05 CET 2024: /Volumes/VideoWork1/Musikbibliothek JP FLAC backup/Al Di Meola, John McLaughlin And Paco De Lucia/Friday Night In San Francisco (Remaster)/04 Fantasia Suite.dsf copied
Fri Feb 16 21:21:07 CET 2024: /Volumes/VideoWork1/Musikbibliothek JP FLAC backup/Al Di Meola, John McLaughlin And Paco De Lucia/Friday Night In San Francisco (Remaster)/05 Guardian Angel.dsf copied
Fri Feb 16 21:21:08 CET 2024: /Volumes/VideoWork1/Musikbibliothek JP FLAC backup/Al Di Meola, John McLaughlin And Paco De Lucia/Saturday Night in San Francisco (Remastered Expanded Edition)  (Live)/01 Bill Graham Introduction (Live at Warfield Theater, San Francisco, CA - December 6, 1980).flac copied
Fri Feb 16 21:21:11 CET 2024: /Volumes/VideoWork1/Musikbibliothek JP FLAC backup/Al Di Meola, John McLaughlin And Paco De Lucia/Saturday Night in San Francisco (Remastered Expanded Edition)  (Live)/02 Splendido Sundance (Live at Warfield Theater, San Francisco, CA - December 6, 1980).flac copied
Fri Feb 16 21:21:14 CET 2024: /Volumes/VideoWork1/Musikbibliothek JP FLAC backup/Al Di Meola, John McLaughlin And Paco De Lucia/Saturday Night in San Francisco (Remastered Expanded Edition)  (Live)/03 One Word (Live at Warfield Theater, San Francisco, CA - December 6, 1980).flac copied
Fri Feb 16 21:21:16 CET 2024: /Volumes/VideoWork1/Musikbibliothek JP FLAC backup/Al Di Meola, John McLaughlin And Paco De Lucia/Saturday Night in San Francisco (Remastered Expanded Edition)  (Live)/04 Trilogy Suite (Live at Warfield Theater, San Francisco, CA - December 6, 1980).flac copied
Fri Feb 16 21:21:19 CET 2024: /Volumes/VideoWork1/Musikbibliothek JP FLAC backup/Al Di Meola, John McLaughlin And Paco De Lucia/Saturday Night in San Francisco (Remastered Expanded Edition)  (Live)/05 Monasterio de Sal (Live at Warfield Theater, San Francisco, CA - December 6, 1980).flac copied
Fri Feb 16 21:21:23 CET 2024: /Volumes/VideoWork1/Musikbibliothek JP FLAC backup/Al Di Meola, John McLaughlin And Paco De Lucia/Saturday Night in San Francisco (Remastered Expanded Edition)  (Live)/06 El Pañuelo (Live at Warfield Theater, San Francisco, CA - December 6, 1980).flac copied
Fri Feb 16 21:21:29 CET 2024: /Volumes/VideoWork1/Musikbibliothek JP FLAC backup/Al Di Meola, John McLaughlin And Paco De Lucia/Saturday Night in San Francisco (Remastered Expanded Edition)  (Live)/07 Meeting of the Spirits (Live at Warfield Theater, San Francisco, CA - December 6, 1980).flac copied
Fri Feb 16 21:21:56 CET 2024: /Volumes/VideoWork1/Musikbibliothek JP FLAC backup/Al Jarreau/The Very Best Of; An Excellent Adventure/08 Al Jarreau - Rainbow in Your Eyes.flac copied
Fri Feb 16 21:21:57 CET 2024: /Volumes/VideoWork1/Musikbibliothek JP FLAC backup/Al Jarreau/The Very Best Of; An Excellent Adventure/01 Al Jarreau - After All.flac copied
Fri Feb 16 21:21:57 CET 2024: /Volumes/VideoWork1/Musikbibliothek JP FLAC backup/Al Jarreau/The Very Best Of; An Excellent Adventure/02 Al Jarreau - Moonlighting (Theme).flac copied
Fri Feb 16 21:21:57 CET 2024: /Volumes/VideoWork1/Musikbibliothek JP FLAC backup/Al Jarreau/The Very Best Of; An Excellent Adventure/03 Al Jarreau - Never Givin' Up.flac copied
Fri Feb 16 21:21:58 CET 2024: /Volumes/VideoWork1/Musikbibliothek JP FLAC backup/Al Jarreau/The Very Best Of; An Excellent Adventure/04 Al Jarreau - Roof Garden.flac copied
Fri Feb 16 21:21:58 CET 2024: /Volumes/VideoWork1/Musikbibliothek JP FLAC backup/Al Jarreau/The Very Best Of; An Excellent Adventure/05 Al Jarreau - Spain (I Can Recall).flac copied
Fri Feb 16 21:21:58 CET 2024: /Volumes/VideoWork1/Musikbibliothek JP FLAC backup/Al Jarreau/The Very Best Of; An Excellent Adventure/06 Al Jarreau - Take Five.flac copied
Fri Feb 16 21:21:59 CET 2024: /Volumes/VideoWork1/Musikbibliothek JP FLAC backup/Al Jarreau/The Very Best Of; An Excellent Adventure/07 Al Jarreau - We're in This Love Together.flac copied
Fri Feb 16 21:21:59 CET 2024: /Volumes/VideoWork1/Musikbibliothek JP FLAC backup/Al Jarreau/The Very Best Of; An Excellent Adventure/09 Al Jarreau - Just to Be Loved.flac copied
Fri Feb 16 21:22:00 CET 2024: /Volumes/VideoWork1/Musikbibliothek JP FLAC backup/Al Jarreau/The Very Best Of; An Excellent Adventure/10 Al Jarreau - Cold Duck.flac copied
Fri Feb 16 21:22:00 CET 2024: /Volumes/VideoWork1/Musikbibliothek JP FLAC backup/Al Jarreau/The Very Best Of; An Excellent Adventure/11 Al Jarreau - We Got By.flac copied
Fri Feb 16 21:22:00 CET 2024: /Volumes/VideoWork1/Musikbibliothek JP FLAC backup/Al Jarreau/The Very Best Of; An Excellent Adventure/12 Al Jarreau - Boogie Down.flac copied
Fri Feb 16 21:22:01 CET 2024: /Volumes/VideoWork1/Musikbibliothek JP FLAC backup/Al Jarreau/The Very Best Of; An Excellent Adventure/13 Al Jarreau - (Round, Round, Round) Blue Rondo a La Turk.flac copied
Fri Feb 16 21:22:01 CET 2024: /Volumes/VideoWork1/Musikbibliothek JP FLAC backup/Al Jarreau/The Very Best Of; An Excellent Adventure/14 Al Jarreau - Mornin'.flac copied
Fri Feb 16 21:22:01 CET 2024: /Volumes/VideoWork1/Musikbibliothek JP FLAC backup/Al Jarreau/The Very Best Of; An Excellent Adventure/15 Al Jarreau - So Good.flac copied
Fri Feb 16 21:22:02 CET 2024: /Volumes/VideoWork1/Musikbibliothek JP FLAC backup/Al Jarreau/The Very Best Of; An Excellent Adventure/16 Al Jarreau - Excellent Adventure.flac copied
Fri Feb 16 21:22:02 CET 2024: /Volumes/VideoWork1/Musikbibliothek JP FLAC backup/Albert Ayler/Spiritual Unity/01 Albert Ayler - Ghosts （First Variation）.flac copied
Fri Feb 16 21:22:03 CET 2024: /Volumes/VideoWork1/Musikbibliothek JP FLAC backup/Albert Ayler/Spiritual Unity/02 Albert Ayler - The Wizard.flac copied
Fri Feb 16 21:22:03 CET 2024: /Volumes/VideoWork1/Musikbibliothek JP FLAC backup/Albert Ayler/Spiritual Unity/03 Albert Ayler - Spirits.flac copied
Fri Feb 16 21:22:04 CET 2024: /Volumes/VideoWork1/Musikbibliothek JP FLAC backup/Albert Ayler/Spiritual Unity/04 Albert Ayler - Ghosts （Second Variation）.flac copied
